2025-12-28 17:03:51 [main] WARN  com.awei.frt.utils.ConfigLoader - 配置文件加载失败: C:\Users\5454564546\Desktop\FRT\config.json
com.fasterxml.jackson.databind.exc.MismatchedInputException: No content to map due to end-of-input
 at [Source: (File); line: 1, column: 0]
	at com.fasterxml.jackson.databind.exc.MismatchedInputException.from(MismatchedInputException.java:59)
	at com.fasterxml.jackson.databind.ObjectMapper._initForReading(ObjectMapper.java:4916)
	at com.fasterxml.jackson.databind.ObjectMapper._readMapAndClose(ObjectMapper.java:4818)
	at com.fasterxml.jackson.databind.ObjectMapper.readValue(ObjectMapper.java:3637)
	at com.awei.frt.utils.ConfigLoader.tryLoadConfig(ConfigLoader.java:72)
	at com.awei.frt.utils.ConfigLoader.loadConfig(ConfigLoader.java:114)
	at com.awei.frt.ProjectStructureTest.setUp(ProjectStructureTest.java:30)
	at java.base/jdk.internal.reflect.NativeMethodAccessorImpl.invoke0(Native Method)
	at java.base/jdk.internal.reflect.NativeMethodAccessorImpl.invoke(NativeMethodAccessorImpl.java:77)
	at java.base/jdk.internal.reflect.DelegatingMethodAccessorImpl.invoke(DelegatingMethodAccessorImpl.java:43)
	at java.base/java.lang.reflect.Method.invoke(Method.java:569)
	at org.junit.platform.commons.util.ReflectionUtils.invokeMethod(ReflectionUtils.java:727)
	at org.junit.jupiter.engine.execution.MethodInvocation.proceed(MethodInvocation.java:60)
	at org.junit.jupiter.engine.execution.InvocationInterceptorChain$ValidatingInvocation.proceed(InvocationInterceptorChain.java:131)
	at org.junit.jupiter.engine.extension.TimeoutExtension.intercept(TimeoutExtension.java:156)
	at org.junit.jupiter.engine.extension.TimeoutExtension.interceptLifecycleMethod(TimeoutExtension.java:128)
	at org.junit.jupiter.engine.extension.TimeoutExtension.interceptBeforeEachMethod(TimeoutExtension.java:78)
	at org.junit.jupiter.engine.execution.InterceptingExecutableInvoker$ReflectiveInterceptorCall.lambda$ofVoidMethod$0(InterceptingExecutableInvoker.java:103)
	at org.junit.jupiter.engine.execution.InterceptingExecutableInvoker.lambda$invoke$0(InterceptingExecutableInvoker.java:93)
	at org.junit.jupiter.engine.execution.InvocationInterceptorChain$InterceptedInvocation.proceed(InvocationInterceptorChain.java:106)
	at org.junit.jupiter.engine.execution.InvocationInterceptorChain.proceed(InvocationInterceptorChain.java:64)
	at org.junit.jupiter.engine.execution.InvocationInterceptorChain.chainAndInvoke(InvocationInterceptorChain.java:45)
	at org.junit.jupiter.engine.execution.InvocationInterceptorChain.invoke(InvocationInterceptorChain.java:37)
	at org.junit.jupiter.engine.execution.InterceptingExecutableInvoker.invoke(InterceptingExecutableInvoker.java:92)
	at org.junit.jupiter.engine.execution.InterceptingExecutableInvoker.invoke(InterceptingExecutableInvoker.java:86)
	at org.junit.jupiter.engine.descriptor.ClassBasedTestDescriptor.invokeMethodInExtensionContext(ClassBasedTestDescriptor.java:520)
	at org.junit.jupiter.engine.descriptor.ClassBasedTestDescriptor.lambda$synthesizeBeforeEachMethodAdapter$23(ClassBasedTestDescriptor.java:505)
	at org.junit.jupiter.engine.descriptor.TestMethodTestDescriptor.lambda$invokeBeforeEachMethods$3(TestMethodTestDescriptor.java:174)
	at org.junit.jupiter.engine.descriptor.TestMethodTestDescriptor.lambda$invokeBeforeMethodsOrCallbacksUntilExceptionOccurs$6(TestMethodTestDescriptor.java:202)
	at org.junit.platform.engine.support.hierarchical.ThrowableCollector.execute(ThrowableCollector.java:73)
	at org.junit.jupiter.engine.descriptor.TestMethodTestDescriptor.invokeBeforeMethodsOrCallbacksUntilExceptionOccurs(TestMethodTestDescriptor.java:202)
	at org.junit.jupiter.engine.descriptor.TestMethodTestDescriptor.invokeBeforeEachMethods(TestMethodTestDescriptor.java:171)
	at org.junit.jupiter.engine.descriptor.TestMethodTestDescriptor.execute(TestMethodTestDescriptor.java:134)
	at org.junit.jupiter.engine.descriptor.TestMethodTestDescriptor.execute(TestMethodTestDescriptor.java:68)
	at org.junit.platform.engine.support.hierarchical.NodeTestTask.lambda$executeRecursively$6(NodeTestTask.java:151)
	at org.junit.platform.engine.support.hierarchical.ThrowableCollector.execute(ThrowableCollector.java:73)
	at org.junit.platform.engine.support.hierarchical.NodeTestTask.lambda$executeRecursively$8(NodeTestTask.java:141)
	at org.junit.platform.engine.support.hierarchical.Node.around(Node.java:137)
	at org.junit.platform.engine.support.hierarchical.NodeTestTask.lambda$executeRecursively$9(NodeTestTask.java:139)
	at org.junit.platform.engine.support.hierarchical.ThrowableCollector.execute(ThrowableCollector.java:73)
	at org.junit.platform.engine.support.hierarchical.NodeTestTask.executeRecursively(NodeTestTask.java:138)
	at org.junit.platform.engine.support.hierarchical.NodeTestTask.execute(NodeTestTask.java:95)
	at java.base/java.util.ArrayList.forEach(ArrayList.java:1511)
	at org.junit.platform.engine.support.hierarchical.SameThreadHierarchicalTestExecutorService.invokeAll(SameThreadHierarchicalTestExecutorService.java:41)
	at org.junit.platform.engine.support.hierarchical.NodeTestTask.lambda$executeRecursively$6(NodeTestTask.java:155)
	at org.junit.platform.engine.support.hierarchical.ThrowableCollector.execute(ThrowableCollector.java:73)
	at org.junit.platform.engine.support.hierarchical.NodeTestTask.lambda$executeRecursively$8(NodeTestTask.java:141)
	at org.junit.platform.engine.support.hierarchical.Node.around(Node.java:137)
	at org.junit.platform.engine.support.hierarchical.NodeTestTask.lambda$executeRecursively$9(NodeTestTask.java:139)
	at org.junit.platform.engine.support.hierarchical.ThrowableCollector.execute(ThrowableCollector.java:73)
	at org.junit.platform.engine.support.hierarchical.NodeTestTask.executeRecursively(NodeTestTask.java:138)
	at org.junit.platform.engine.support.hierarchical.NodeTestTask.execute(NodeTestTask.java:95)
	at java.base/java.util.ArrayList.forEach(ArrayList.java:1511)
	at org.junit.platform.engine.support.hierarchical.SameThreadHierarchicalTestExecutorService.invokeAll(SameThreadHierarchicalTestExecutorService.java:41)
	at org.junit.platform.engine.support.hierarchical.NodeTestTask.lambda$executeRecursively$6(NodeTestTask.java:155)
	at org.junit.platform.engine.support.hierarchical.ThrowableCollector.execute(ThrowableCollector.java:73)
	at org.junit.platform.engine.support.hierarchical.NodeTestTask.lambda$executeRecursively$8(NodeTestTask.java:141)
	at org.junit.platform.engine.support.hierarchical.Node.around(Node.java:137)
	at org.junit.platform.engine.support.hierarchical.NodeTestTask.lambda$executeRecursively$9(NodeTestTask.java:139)
	at org.junit.platform.engine.support.hierarchical.ThrowableCollector.execute(ThrowableCollector.java:73)
	at org.junit.platform.engine.support.hierarchical.NodeTestTask.executeRecursively(NodeTestTask.java:138)
	at org.junit.platform.engine.support.hierarchical.NodeTestTask.execute(NodeTestTask.java:95)
	at org.junit.platform.engine.support.hierarchical.SameThreadHierarchicalTestExecutorService.submit(SameThreadHierarchicalTestExecutorService.java:35)
	at org.junit.platform.engine.support.hierarchical.HierarchicalTestExecutor.execute(HierarchicalTestExecutor.java:57)
	at org.junit.platform.engine.support.hierarchical.HierarchicalTestEngine.execute(HierarchicalTestEngine.java:54)
	at org.junit.platform.launcher.core.EngineExecutionOrchestrator.execute(EngineExecutionOrchestrator.java:147)
	at org.junit.platform.launcher.core.EngineExecutionOrchestrator.execute(EngineExecutionOrchestrator.java:127)
	at org.junit.platform.launcher.core.EngineExecutionOrchestrator.execute(EngineExecutionOrchestrator.java:90)
	at org.junit.platform.launcher.core.EngineExecutionOrchestrator.lambda$execute$0(EngineExecutionOrchestrator.java:55)
	at org.junit.platform.launcher.core.EngineExecutionOrchestrator.withInterceptedStreams(EngineExecutionOrchestrator.java:102)
	at org.junit.platform.launcher.core.EngineExecutionOrchestrator.execute(EngineExecutionOrchestrator.java:54)
	at org.junit.platform.launcher.core.DefaultLauncher.execute(DefaultLauncher.java:114)
	at org.junit.platform.launcher.core.DefaultLauncher.execute(DefaultLauncher.java:86)
	at org.junit.platform.launcher.core.DefaultLauncherSession$DelegatingLauncher.execute(DefaultLauncherSession.java:86)
	at org.junit.platform.launcher.core.SessionPerRequestLauncher.execute(SessionPerRequestLauncher.java:53)
	at com.intellij.junit5.JUnit5IdeaTestRunner.startRunnerWithArgs(JUnit5IdeaTestRunner.java:57)
	at com.intellij.rt.junit.IdeaTestRunner$Repeater$1.execute(IdeaTestRunner.java:38)
	at com.intellij.rt.execution.junit.TestsRepeater.repeat(TestsRepeater.java:11)
	at com.intellij.rt.junit.IdeaTestRunner$Repeater.startRunnerWithArgs(IdeaTestRunner.java:35)
	at com.intellij.rt.junit.JUnitStarter.prepareStreamsAndStart(JUnitStarter.java:232)
	at com.intellij.rt.junit.JUnitStarter.main(JUnitStarter.java:55)
2025-12-28 17:03:51 [main] INFO  com.awei.frt.utils.ConfigLoader - 配置文件加载成功: C:\Users\5454564546\Desktop\FRT\FRT\config.json
2025-12-28 17:03:51 [main] INFO  com.awei.frt.utils.ConfigLoader - 使用项目根目录配置: C:\Users\5454564546\Desktop\FRT\FRT\config.json
2025-12-28 17:03:51 [main] WARN  com.awei.frt.utils.ConfigLoader - 配置文件加载失败: C:\Users\5454564546\Desktop\FRT\config.json
com.fasterxml.jackson.databind.exc.MismatchedInputException: No content to map due to end-of-input
 at [Source: (File); line: 1, column: 0]
	at com.fasterxml.jackson.databind.exc.MismatchedInputException.from(MismatchedInputException.java:59)
	at com.fasterxml.jackson.databind.ObjectMapper._initForReading(ObjectMapper.java:4916)
	at com.fasterxml.jackson.databind.ObjectMapper._readMapAndClose(ObjectMapper.java:4818)
	at com.fasterxml.jackson.databind.ObjectMapper.readValue(ObjectMapper.java:3637)
	at com.awei.frt.utils.ConfigLoader.tryLoadConfig(ConfigLoader.java:72)
	at com.awei.frt.utils.ConfigLoader.loadConfig(ConfigLoader.java:114)
	at com.awei.frt.ProjectStructureTest.setUp(ProjectStructureTest.java:30)
	at java.base/jdk.internal.reflect.NativeMethodAccessorImpl.invoke0(Native Method)
	at java.base/jdk.internal.reflect.NativeMethodAccessorImpl.invoke(NativeMethodAccessorImpl.java:77)
	at java.base/jdk.internal.reflect.DelegatingMethodAccessorImpl.invoke(DelegatingMethodAccessorImpl.java:43)
	at java.base/java.lang.reflect.Method.invoke(Method.java:569)
	at org.junit.platform.commons.util.ReflectionUtils.invokeMethod(ReflectionUtils.java:727)
	at org.junit.jupiter.engine.execution.MethodInvocation.proceed(MethodInvocation.java:60)
	at org.junit.jupiter.engine.execution.InvocationInterceptorChain$ValidatingInvocation.proceed(InvocationInterceptorChain.java:131)
	at org.junit.jupiter.engine.extension.TimeoutExtension.intercept(TimeoutExtension.java:156)
	at org.junit.jupiter.engine.extension.TimeoutExtension.interceptLifecycleMethod(TimeoutExtension.java:128)
	at org.junit.jupiter.engine.extension.TimeoutExtension.interceptBeforeEachMethod(TimeoutExtension.java:78)
	at org.junit.jupiter.engine.execution.InterceptingExecutableInvoker$ReflectiveInterceptorCall.lambda$ofVoidMethod$0(InterceptingExecutableInvoker.java:103)
	at org.junit.jupiter.engine.execution.InterceptingExecutableInvoker.lambda$invoke$0(InterceptingExecutableInvoker.java:93)
	at org.junit.jupiter.engine.execution.InvocationInterceptorChain$InterceptedInvocation.proceed(InvocationInterceptorChain.java:106)
	at org.junit.jupiter.engine.execution.InvocationInterceptorChain.proceed(InvocationInterceptorChain.java:64)
	at org.junit.jupiter.engine.execution.InvocationInterceptorChain.chainAndInvoke(InvocationInterceptorChain.java:45)
	at org.junit.jupiter.engine.execution.InvocationInterceptorChain.invoke(InvocationInterceptorChain.java:37)
	at org.junit.jupiter.engine.execution.InterceptingExecutableInvoker.invoke(InterceptingExecutableInvoker.java:92)
	at org.junit.jupiter.engine.execution.InterceptingExecutableInvoker.invoke(InterceptingExecutableInvoker.java:86)
	at org.junit.jupiter.engine.descriptor.ClassBasedTestDescriptor.invokeMethodInExtensionContext(ClassBasedTestDescriptor.java:520)
	at org.junit.jupiter.engine.descriptor.ClassBasedTestDescriptor.lambda$synthesizeBeforeEachMethodAdapter$23(ClassBasedTestDescriptor.java:505)
	at org.junit.jupiter.engine.descriptor.TestMethodTestDescriptor.lambda$invokeBeforeEachMethods$3(TestMethodTestDescriptor.java:174)
	at org.junit.jupiter.engine.descriptor.TestMethodTestDescriptor.lambda$invokeBeforeMethodsOrCallbacksUntilExceptionOccurs$6(TestMethodTestDescriptor.java:202)
	at org.junit.platform.engine.support.hierarchical.ThrowableCollector.execute(ThrowableCollector.java:73)
	at org.junit.jupiter.engine.descriptor.TestMethodTestDescriptor.invokeBeforeMethodsOrCallbacksUntilExceptionOccurs(TestMethodTestDescriptor.java:202)
	at org.junit.jupiter.engine.descriptor.TestMethodTestDescriptor.invokeBeforeEachMethods(TestMethodTestDescriptor.java:171)
	at org.junit.jupiter.engine.descriptor.TestMethodTestDescriptor.execute(TestMethodTestDescriptor.java:134)
	at org.junit.jupiter.engine.descriptor.TestMethodTestDescriptor.execute(TestMethodTestDescriptor.java:68)
	at org.junit.platform.engine.support.hierarchical.NodeTestTask.lambda$executeRecursively$6(NodeTestTask.java:151)
	at org.junit.platform.engine.support.hierarchical.ThrowableCollector.execute(ThrowableCollector.java:73)
	at org.junit.platform.engine.support.hierarchical.NodeTestTask.lambda$executeRecursively$8(NodeTestTask.java:141)
	at org.junit.platform.engine.support.hierarchical.Node.around(Node.java:137)
	at org.junit.platform.engine.support.hierarchical.NodeTestTask.lambda$executeRecursively$9(NodeTestTask.java:139)
	at org.junit.platform.engine.support.hierarchical.ThrowableCollector.execute(ThrowableCollector.java:73)
	at org.junit.platform.engine.support.hierarchical.NodeTestTask.executeRecursively(NodeTestTask.java:138)
	at org.junit.platform.engine.support.hierarchical.NodeTestTask.execute(NodeTestTask.java:95)
	at java.base/java.util.ArrayList.forEach(ArrayList.java:1511)
	at org.junit.platform.engine.support.hierarchical.SameThreadHierarchicalTestExecutorService.invokeAll(SameThreadHierarchicalTestExecutorService.java:41)
	at org.junit.platform.engine.support.hierarchical.NodeTestTask.lambda$executeRecursively$6(NodeTestTask.java:155)
	at org.junit.platform.engine.support.hierarchical.ThrowableCollector.execute(ThrowableCollector.java:73)
	at org.junit.platform.engine.support.hierarchical.NodeTestTask.lambda$executeRecursively$8(NodeTestTask.java:141)
	at org.junit.platform.engine.support.hierarchical.Node.around(Node.java:137)
	at org.junit.platform.engine.support.hierarchical.NodeTestTask.lambda$executeRecursively$9(NodeTestTask.java:139)
	at org.junit.platform.engine.support.hierarchical.ThrowableCollector.execute(ThrowableCollector.java:73)
	at org.junit.platform.engine.support.hierarchical.NodeTestTask.executeRecursively(NodeTestTask.java:138)
	at org.junit.platform.engine.support.hierarchical.NodeTestTask.execute(NodeTestTask.java:95)
	at java.base/java.util.ArrayList.forEach(ArrayList.java:1511)
	at org.junit.platform.engine.support.hierarchical.SameThreadHierarchicalTestExecutorService.invokeAll(SameThreadHierarchicalTestExecutorService.java:41)
	at org.junit.platform.engine.support.hierarchical.NodeTestTask.lambda$executeRecursively$6(NodeTestTask.java:155)
	at org.junit.platform.engine.support.hierarchical.ThrowableCollector.execute(ThrowableCollector.java:73)
	at org.junit.platform.engine.support.hierarchical.NodeTestTask.lambda$executeRecursively$8(NodeTestTask.java:141)
	at org.junit.platform.engine.support.hierarchical.Node.around(Node.java:137)
	at org.junit.platform.engine.support.hierarchical.NodeTestTask.lambda$executeRecursively$9(NodeTestTask.java:139)
	at org.junit.platform.engine.support.hierarchical.ThrowableCollector.execute(ThrowableCollector.java:73)
	at org.junit.platform.engine.support.hierarchical.NodeTestTask.executeRecursively(NodeTestTask.java:138)
	at org.junit.platform.engine.support.hierarchical.NodeTestTask.execute(NodeTestTask.java:95)
	at org.junit.platform.engine.support.hierarchical.SameThreadHierarchicalTestExecutorService.submit(SameThreadHierarchicalTestExecutorService.java:35)
	at org.junit.platform.engine.support.hierarchical.HierarchicalTestExecutor.execute(HierarchicalTestExecutor.java:57)
	at org.junit.platform.engine.support.hierarchical.HierarchicalTestEngine.execute(HierarchicalTestEngine.java:54)
	at org.junit.platform.launcher.core.EngineExecutionOrchestrator.execute(EngineExecutionOrchestrator.java:147)
	at org.junit.platform.launcher.core.EngineExecutionOrchestrator.execute(EngineExecutionOrchestrator.java:127)
	at org.junit.platform.launcher.core.EngineExecutionOrchestrator.execute(EngineExecutionOrchestrator.java:90)
	at org.junit.platform.launcher.core.EngineExecutionOrchestrator.lambda$execute$0(EngineExecutionOrchestrator.java:55)
	at org.junit.platform.launcher.core.EngineExecutionOrchestrator.withInterceptedStreams(EngineExecutionOrchestrator.java:102)
	at org.junit.platform.launcher.core.EngineExecutionOrchestrator.execute(EngineExecutionOrchestrator.java:54)
	at org.junit.platform.launcher.core.DefaultLauncher.execute(DefaultLauncher.java:114)
	at org.junit.platform.launcher.core.DefaultLauncher.execute(DefaultLauncher.java:86)
	at org.junit.platform.launcher.core.DefaultLauncherSession$DelegatingLauncher.execute(DefaultLauncherSession.java:86)
	at org.junit.platform.launcher.core.SessionPerRequestLauncher.execute(SessionPerRequestLauncher.java:53)
	at com.intellij.junit5.JUnit5IdeaTestRunner.startRunnerWithArgs(JUnit5IdeaTestRunner.java:57)
	at com.intellij.rt.junit.IdeaTestRunner$Repeater$1.execute(IdeaTestRunner.java:38)
	at com.intellij.rt.execution.junit.TestsRepeater.repeat(TestsRepeater.java:11)
	at com.intellij.rt.junit.IdeaTestRunner$Repeater.startRunnerWithArgs(IdeaTestRunner.java:35)
	at com.intellij.rt.junit.JUnitStarter.prepareStreamsAndStart(JUnitStarter.java:232)
	at com.intellij.rt.junit.JUnitStarter.main(JUnitStarter.java:55)
2025-12-28 17:03:51 [main] INFO  com.awei.frt.utils.ConfigLoader - 配置文件加载成功: C:\Users\5454564546\Desktop\FRT\FRT\config.json
2025-12-28 17:03:51 [main] INFO  com.awei.frt.utils.ConfigLoader - 使用项目根目录配置: C:\Users\5454564546\Desktop\FRT\FRT\config.json
2025-12-28 17:03:51 [main] WARN  com.awei.frt.utils.ConfigLoader - 配置文件加载失败: C:\Users\5454564546\Desktop\FRT\config.json
com.fasterxml.jackson.databind.exc.MismatchedInputException: No content to map due to end-of-input
 at [Source: (File); line: 1, column: 0]
	at com.fasterxml.jackson.databind.exc.MismatchedInputException.from(MismatchedInputException.java:59)
	at com.fasterxml.jackson.databind.ObjectMapper._initForReading(ObjectMapper.java:4916)
	at com.fasterxml.jackson.databind.ObjectMapper._readMapAndClose(ObjectMapper.java:4818)
	at com.fasterxml.jackson.databind.ObjectMapper.readValue(ObjectMapper.java:3637)
	at com.awei.frt.utils.ConfigLoader.tryLoadConfig(ConfigLoader.java:72)
	at com.awei.frt.utils.ConfigLoader.loadConfig(ConfigLoader.java:114)
	at com.awei.frt.ProjectStructureTest.setUp(ProjectStructureTest.java:30)
	at java.base/jdk.internal.reflect.NativeMethodAccessorImpl.invoke0(Native Method)
	at java.base/jdk.internal.reflect.NativeMethodAccessorImpl.invoke(NativeMethodAccessorImpl.java:77)
	at java.base/jdk.internal.reflect.DelegatingMethodAccessorImpl.invoke(DelegatingMethodAccessorImpl.java:43)
	at java.base/java.lang.reflect.Method.invoke(Method.java:569)
	at org.junit.platform.commons.util.ReflectionUtils.invokeMethod(ReflectionUtils.java:727)
	at org.junit.jupiter.engine.execution.MethodInvocation.proceed(MethodInvocation.java:60)
	at org.junit.jupiter.engine.execution.InvocationInterceptorChain$ValidatingInvocation.proceed(InvocationInterceptorChain.java:131)
	at org.junit.jupiter.engine.extension.TimeoutExtension.intercept(TimeoutExtension.java:156)
	at org.junit.jupiter.engine.extension.TimeoutExtension.interceptLifecycleMethod(TimeoutExtension.java:128)
	at org.junit.jupiter.engine.extension.TimeoutExtension.interceptBeforeEachMethod(TimeoutExtension.java:78)
	at org.junit.jupiter.engine.execution.InterceptingExecutableInvoker$ReflectiveInterceptorCall.lambda$ofVoidMethod$0(InterceptingExecutableInvoker.java:103)
	at org.junit.jupiter.engine.execution.InterceptingExecutableInvoker.lambda$invoke$0(InterceptingExecutableInvoker.java:93)
	at org.junit.jupiter.engine.execution.InvocationInterceptorChain$InterceptedInvocation.proceed(InvocationInterceptorChain.java:106)
	at org.junit.jupiter.engine.execution.InvocationInterceptorChain.proceed(InvocationInterceptorChain.java:64)
	at org.junit.jupiter.engine.execution.InvocationInterceptorChain.chainAndInvoke(InvocationInterceptorChain.java:45)
	at org.junit.jupiter.engine.execution.InvocationInterceptorChain.invoke(InvocationInterceptorChain.java:37)
	at org.junit.jupiter.engine.execution.InterceptingExecutableInvoker.invoke(InterceptingExecutableInvoker.java:92)
	at org.junit.jupiter.engine.execution.InterceptingExecutableInvoker.invoke(InterceptingExecutableInvoker.java:86)
	at org.junit.jupiter.engine.descriptor.ClassBasedTestDescriptor.invokeMethodInExtensionContext(ClassBasedTestDescriptor.java:520)
	at org.junit.jupiter.engine.descriptor.ClassBasedTestDescriptor.lambda$synthesizeBeforeEachMethodAdapter$23(ClassBasedTestDescriptor.java:505)
	at org.junit.jupiter.engine.descriptor.TestMethodTestDescriptor.lambda$invokeBeforeEachMethods$3(TestMethodTestDescriptor.java:174)
	at org.junit.jupiter.engine.descriptor.TestMethodTestDescriptor.lambda$invokeBeforeMethodsOrCallbacksUntilExceptionOccurs$6(TestMethodTestDescriptor.java:202)
	at org.junit.platform.engine.support.hierarchical.ThrowableCollector.execute(ThrowableCollector.java:73)
	at org.junit.jupiter.engine.descriptor.TestMethodTestDescriptor.invokeBeforeMethodsOrCallbacksUntilExceptionOccurs(TestMethodTestDescriptor.java:202)
	at org.junit.jupiter.engine.descriptor.TestMethodTestDescriptor.invokeBeforeEachMethods(TestMethodTestDescriptor.java:171)
	at org.junit.jupiter.engine.descriptor.TestMethodTestDescriptor.execute(TestMethodTestDescriptor.java:134)
	at org.junit.jupiter.engine.descriptor.TestMethodTestDescriptor.execute(TestMethodTestDescriptor.java:68)
	at org.junit.platform.engine.support.hierarchical.NodeTestTask.lambda$executeRecursively$6(NodeTestTask.java:151)
	at org.junit.platform.engine.support.hierarchical.ThrowableCollector.execute(ThrowableCollector.java:73)
	at org.junit.platform.engine.support.hierarchical.NodeTestTask.lambda$executeRecursively$8(NodeTestTask.java:141)
	at org.junit.platform.engine.support.hierarchical.Node.around(Node.java:137)
	at org.junit.platform.engine.support.hierarchical.NodeTestTask.lambda$executeRecursively$9(NodeTestTask.java:139)
	at org.junit.platform.engine.support.hierarchical.ThrowableCollector.execute(ThrowableCollector.java:73)
	at org.junit.platform.engine.support.hierarchical.NodeTestTask.executeRecursively(NodeTestTask.java:138)
	at org.junit.platform.engine.support.hierarchical.NodeTestTask.execute(NodeTestTask.java:95)
	at java.base/java.util.ArrayList.forEach(ArrayList.java:1511)
	at org.junit.platform.engine.support.hierarchical.SameThreadHierarchicalTestExecutorService.invokeAll(SameThreadHierarchicalTestExecutorService.java:41)
	at org.junit.platform.engine.support.hierarchical.NodeTestTask.lambda$executeRecursively$6(NodeTestTask.java:155)
	at org.junit.platform.engine.support.hierarchical.ThrowableCollector.execute(ThrowableCollector.java:73)
	at org.junit.platform.engine.support.hierarchical.NodeTestTask.lambda$executeRecursively$8(NodeTestTask.java:141)
	at org.junit.platform.engine.support.hierarchical.Node.around(Node.java:137)
	at org.junit.platform.engine.support.hierarchical.NodeTestTask.lambda$executeRecursively$9(NodeTestTask.java:139)
	at org.junit.platform.engine.support.hierarchical.ThrowableCollector.execute(ThrowableCollector.java:73)
	at org.junit.platform.engine.support.hierarchical.NodeTestTask.executeRecursively(NodeTestTask.java:138)
	at org.junit.platform.engine.support.hierarchical.NodeTestTask.execute(NodeTestTask.java:95)
	at java.base/java.util.ArrayList.forEach(ArrayList.java:1511)
	at org.junit.platform.engine.support.hierarchical.SameThreadHierarchicalTestExecutorService.invokeAll(SameThreadHierarchicalTestExecutorService.java:41)
	at org.junit.platform.engine.support.hierarchical.NodeTestTask.lambda$executeRecursively$6(NodeTestTask.java:155)
	at org.junit.platform.engine.support.hierarchical.ThrowableCollector.execute(ThrowableCollector.java:73)
	at org.junit.platform.engine.support.hierarchical.NodeTestTask.lambda$executeRecursively$8(NodeTestTask.java:141)
	at org.junit.platform.engine.support.hierarchical.Node.around(Node.java:137)
	at org.junit.platform.engine.support.hierarchical.NodeTestTask.lambda$executeRecursively$9(NodeTestTask.java:139)
	at org.junit.platform.engine.support.hierarchical.ThrowableCollector.execute(ThrowableCollector.java:73)
	at org.junit.platform.engine.support.hierarchical.NodeTestTask.executeRecursively(NodeTestTask.java:138)
	at org.junit.platform.engine.support.hierarchical.NodeTestTask.execute(NodeTestTask.java:95)
	at org.junit.platform.engine.support.hierarchical.SameThreadHierarchicalTestExecutorService.submit(SameThreadHierarchicalTestExecutorService.java:35)
	at org.junit.platform.engine.support.hierarchical.HierarchicalTestExecutor.execute(HierarchicalTestExecutor.java:57)
	at org.junit.platform.engine.support.hierarchical.HierarchicalTestEngine.execute(HierarchicalTestEngine.java:54)
	at org.junit.platform.launcher.core.EngineExecutionOrchestrator.execute(EngineExecutionOrchestrator.java:147)
	at org.junit.platform.launcher.core.EngineExecutionOrchestrator.execute(EngineExecutionOrchestrator.java:127)
	at org.junit.platform.launcher.core.EngineExecutionOrchestrator.execute(EngineExecutionOrchestrator.java:90)
	at org.junit.platform.launcher.core.EngineExecutionOrchestrator.lambda$execute$0(EngineExecutionOrchestrator.java:55)
	at org.junit.platform.launcher.core.EngineExecutionOrchestrator.withInterceptedStreams(EngineExecutionOrchestrator.java:102)
	at org.junit.platform.launcher.core.EngineExecutionOrchestrator.execute(EngineExecutionOrchestrator.java:54)
	at org.junit.platform.launcher.core.DefaultLauncher.execute(DefaultLauncher.java:114)
	at org.junit.platform.launcher.core.DefaultLauncher.execute(DefaultLauncher.java:86)
	at org.junit.platform.launcher.core.DefaultLauncherSession$DelegatingLauncher.execute(DefaultLauncherSession.java:86)
	at org.junit.platform.launcher.core.SessionPerRequestLauncher.execute(SessionPerRequestLauncher.java:53)
	at com.intellij.junit5.JUnit5IdeaTestRunner.startRunnerWithArgs(JUnit5IdeaTestRunner.java:57)
	at com.intellij.rt.junit.IdeaTestRunner$Repeater$1.execute(IdeaTestRunner.java:38)
	at com.intellij.rt.execution.junit.TestsRepeater.repeat(TestsRepeater.java:11)
	at com.intellij.rt.junit.IdeaTestRunner$Repeater.startRunnerWithArgs(IdeaTestRunner.java:35)
	at com.intellij.rt.junit.JUnitStarter.prepareStreamsAndStart(JUnitStarter.java:232)
	at com.intellij.rt.junit.JUnitStarter.main(JUnitStarter.java:55)
2025-12-28 17:03:51 [main] INFO  com.awei.frt.utils.ConfigLoader - 配置文件加载成功: C:\Users\5454564546\Desktop\FRT\FRT\config.json
2025-12-28 17:03:51 [main] INFO  com.awei.frt.utils.ConfigLoader - 使用项目根目录配置: C:\Users\5454564546\Desktop\FRT\FRT\config.json
2025-12-28 17:03:51 [main] WARN  com.awei.frt.utils.ConfigLoader - 配置文件加载失败: C:\Users\5454564546\Desktop\FRT\config.json
com.fasterxml.jackson.databind.exc.MismatchedInputException: No content to map due to end-of-input
 at [Source: (File); line: 1, column: 0]
	at com.fasterxml.jackson.databind.exc.MismatchedInputException.from(MismatchedInputException.java:59)
	at com.fasterxml.jackson.databind.ObjectMapper._initForReading(ObjectMapper.java:4916)
	at com.fasterxml.jackson.databind.ObjectMapper._readMapAndClose(ObjectMapper.java:4818)
	at com.fasterxml.jackson.databind.ObjectMapper.readValue(ObjectMapper.java:3637)
	at com.awei.frt.utils.ConfigLoader.tryLoadConfig(ConfigLoader.java:72)
	at com.awei.frt.utils.ConfigLoader.loadConfig(ConfigLoader.java:114)
	at com.awei.frt.ProjectStructureTest.setUp(ProjectStructureTest.java:30)
	at java.base/jdk.internal.reflect.NativeMethodAccessorImpl.invoke0(Native Method)
	at java.base/jdk.internal.reflect.NativeMethodAccessorImpl.invoke(NativeMethodAccessorImpl.java:77)
	at java.base/jdk.internal.reflect.DelegatingMethodAccessorImpl.invoke(DelegatingMethodAccessorImpl.java:43)
	at java.base/java.lang.reflect.Method.invoke(Method.java:569)
	at org.junit.platform.commons.util.ReflectionUtils.invokeMethod(ReflectionUtils.java:727)
	at org.junit.jupiter.engine.execution.MethodInvocation.proceed(MethodInvocation.java:60)
	at org.junit.jupiter.engine.execution.InvocationInterceptorChain$ValidatingInvocation.proceed(InvocationInterceptorChain.java:131)
	at org.junit.jupiter.engine.extension.TimeoutExtension.intercept(TimeoutExtension.java:156)
	at org.junit.jupiter.engine.extension.TimeoutExtension.interceptLifecycleMethod(TimeoutExtension.java:128)
	at org.junit.jupiter.engine.extension.TimeoutExtension.interceptBeforeEachMethod(TimeoutExtension.java:78)
	at org.junit.jupiter.engine.execution.InterceptingExecutableInvoker$ReflectiveInterceptorCall.lambda$ofVoidMethod$0(InterceptingExecutableInvoker.java:103)
	at org.junit.jupiter.engine.execution.InterceptingExecutableInvoker.lambda$invoke$0(InterceptingExecutableInvoker.java:93)
	at org.junit.jupiter.engine.execution.InvocationInterceptorChain$InterceptedInvocation.proceed(InvocationInterceptorChain.java:106)
	at org.junit.jupiter.engine.execution.InvocationInterceptorChain.proceed(InvocationInterceptorChain.java:64)
	at org.junit.jupiter.engine.execution.InvocationInterceptorChain.chainAndInvoke(InvocationInterceptorChain.java:45)
	at org.junit.jupiter.engine.execution.InvocationInterceptorChain.invoke(InvocationInterceptorChain.java:37)
	at org.junit.jupiter.engine.execution.InterceptingExecutableInvoker.invoke(InterceptingExecutableInvoker.java:92)
	at org.junit.jupiter.engine.execution.InterceptingExecutableInvoker.invoke(InterceptingExecutableInvoker.java:86)
	at org.junit.jupiter.engine.descriptor.ClassBasedTestDescriptor.invokeMethodInExtensionContext(ClassBasedTestDescriptor.java:520)
	at org.junit.jupiter.engine.descriptor.ClassBasedTestDescriptor.lambda$synthesizeBeforeEachMethodAdapter$23(ClassBasedTestDescriptor.java:505)
	at org.junit.jupiter.engine.descriptor.TestMethodTestDescriptor.lambda$invokeBeforeEachMethods$3(TestMethodTestDescriptor.java:174)
	at org.junit.jupiter.engine.descriptor.TestMethodTestDescriptor.lambda$invokeBeforeMethodsOrCallbacksUntilExceptionOccurs$6(TestMethodTestDescriptor.java:202)
	at org.junit.platform.engine.support.hierarchical.ThrowableCollector.execute(ThrowableCollector.java:73)
	at org.junit.jupiter.engine.descriptor.TestMethodTestDescriptor.invokeBeforeMethodsOrCallbacksUntilExceptionOccurs(TestMethodTestDescriptor.java:202)
	at org.junit.jupiter.engine.descriptor.TestMethodTestDescriptor.invokeBeforeEachMethods(TestMethodTestDescriptor.java:171)
	at org.junit.jupiter.engine.descriptor.TestMethodTestDescriptor.execute(TestMethodTestDescriptor.java:134)
	at org.junit.jupiter.engine.descriptor.TestMethodTestDescriptor.execute(TestMethodTestDescriptor.java:68)
	at org.junit.platform.engine.support.hierarchical.NodeTestTask.lambda$executeRecursively$6(NodeTestTask.java:151)
	at org.junit.platform.engine.support.hierarchical.ThrowableCollector.execute(ThrowableCollector.java:73)
	at org.junit.platform.engine.support.hierarchical.NodeTestTask.lambda$executeRecursively$8(NodeTestTask.java:141)
	at org.junit.platform.engine.support.hierarchical.Node.around(Node.java:137)
	at org.junit.platform.engine.support.hierarchical.NodeTestTask.lambda$executeRecursively$9(NodeTestTask.java:139)
	at org.junit.platform.engine.support.hierarchical.ThrowableCollector.execute(ThrowableCollector.java:73)
	at org.junit.platform.engine.support.hierarchical.NodeTestTask.executeRecursively(NodeTestTask.java:138)
	at org.junit.platform.engine.support.hierarchical.NodeTestTask.execute(NodeTestTask.java:95)
	at java.base/java.util.ArrayList.forEach(ArrayList.java:1511)
	at org.junit.platform.engine.support.hierarchical.SameThreadHierarchicalTestExecutorService.invokeAll(SameThreadHierarchicalTestExecutorService.java:41)
	at org.junit.platform.engine.support.hierarchical.NodeTestTask.lambda$executeRecursively$6(NodeTestTask.java:155)
	at org.junit.platform.engine.support.hierarchical.ThrowableCollector.execute(ThrowableCollector.java:73)
	at org.junit.platform.engine.support.hierarchical.NodeTestTask.lambda$executeRecursively$8(NodeTestTask.java:141)
	at org.junit.platform.engine.support.hierarchical.Node.around(Node.java:137)
	at org.junit.platform.engine.support.hierarchical.NodeTestTask.lambda$executeRecursively$9(NodeTestTask.java:139)
	at org.junit.platform.engine.support.hierarchical.ThrowableCollector.execute(ThrowableCollector.java:73)
	at org.junit.platform.engine.support.hierarchical.NodeTestTask.executeRecursively(NodeTestTask.java:138)
	at org.junit.platform.engine.support.hierarchical.NodeTestTask.execute(NodeTestTask.java:95)
	at java.base/java.util.ArrayList.forEach(ArrayList.java:1511)
	at org.junit.platform.engine.support.hierarchical.SameThreadHierarchicalTestExecutorService.invokeAll(SameThreadHierarchicalTestExecutorService.java:41)
	at org.junit.platform.engine.support.hierarchical.NodeTestTask.lambda$executeRecursively$6(NodeTestTask.java:155)
	at org.junit.platform.engine.support.hierarchical.ThrowableCollector.execute(ThrowableCollector.java:73)
	at org.junit.platform.engine.support.hierarchical.NodeTestTask.lambda$executeRecursively$8(NodeTestTask.java:141)
	at org.junit.platform.engine.support.hierarchical.Node.around(Node.java:137)
	at org.junit.platform.engine.support.hierarchical.NodeTestTask.lambda$executeRecursively$9(NodeTestTask.java:139)
	at org.junit.platform.engine.support.hierarchical.ThrowableCollector.execute(ThrowableCollector.java:73)
	at org.junit.platform.engine.support.hierarchical.NodeTestTask.executeRecursively(NodeTestTask.java:138)
	at org.junit.platform.engine.support.hierarchical.NodeTestTask.execute(NodeTestTask.java:95)
	at org.junit.platform.engine.support.hierarchical.SameThreadHierarchicalTestExecutorService.submit(SameThreadHierarchicalTestExecutorService.java:35)
	at org.junit.platform.engine.support.hierarchical.HierarchicalTestExecutor.execute(HierarchicalTestExecutor.java:57)
	at org.junit.platform.engine.support.hierarchical.HierarchicalTestEngine.execute(HierarchicalTestEngine.java:54)
	at org.junit.platform.launcher.core.EngineExecutionOrchestrator.execute(EngineExecutionOrchestrator.java:147)
	at org.junit.platform.launcher.core.EngineExecutionOrchestrator.execute(EngineExecutionOrchestrator.java:127)
	at org.junit.platform.launcher.core.EngineExecutionOrchestrator.execute(EngineExecutionOrchestrator.java:90)
	at org.junit.platform.launcher.core.EngineExecutionOrchestrator.lambda$execute$0(EngineExecutionOrchestrator.java:55)
	at org.junit.platform.launcher.core.EngineExecutionOrchestrator.withInterceptedStreams(EngineExecutionOrchestrator.java:102)
	at org.junit.platform.launcher.core.EngineExecutionOrchestrator.execute(EngineExecutionOrchestrator.java:54)
	at org.junit.platform.launcher.core.DefaultLauncher.execute(DefaultLauncher.java:114)
	at org.junit.platform.launcher.core.DefaultLauncher.execute(DefaultLauncher.java:86)
	at org.junit.platform.launcher.core.DefaultLauncherSession$DelegatingLauncher.execute(DefaultLauncherSession.java:86)
	at org.junit.platform.launcher.core.SessionPerRequestLauncher.execute(SessionPerRequestLauncher.java:53)
	at com.intellij.junit5.JUnit5IdeaTestRunner.startRunnerWithArgs(JUnit5IdeaTestRunner.java:57)
	at com.intellij.rt.junit.IdeaTestRunner$Repeater$1.execute(IdeaTestRunner.java:38)
	at com.intellij.rt.execution.junit.TestsRepeater.repeat(TestsRepeater.java:11)
	at com.intellij.rt.junit.IdeaTestRunner$Repeater.startRunnerWithArgs(IdeaTestRunner.java:35)
	at com.intellij.rt.junit.JUnitStarter.prepareStreamsAndStart(JUnitStarter.java:232)
	at com.intellij.rt.junit.JUnitStarter.main(JUnitStarter.java:55)
2025-12-28 17:03:51 [main] INFO  com.awei.frt.utils.ConfigLoader - 配置文件加载成功: C:\Users\5454564546\Desktop\FRT\FRT\config.json
2025-12-28 17:03:51 [main] INFO  com.awei.frt.utils.ConfigLoader - 使用项目根目录配置: C:\Users\5454564546\Desktop\FRT\FRT\config.json
2025-12-28 17:03:51 [main] WARN  com.awei.frt.utils.ConfigLoader - 配置文件加载失败: C:\Users\5454564546\Desktop\FRT\config.json
com.fasterxml.jackson.databind.exc.MismatchedInputException: No content to map due to end-of-input
 at [Source: (File); line: 1, column: 0]
	at com.fasterxml.jackson.databind.exc.MismatchedInputException.from(MismatchedInputException.java:59)
	at com.fasterxml.jackson.databind.ObjectMapper._initForReading(ObjectMapper.java:4916)
	at com.fasterxml.jackson.databind.ObjectMapper._readMapAndClose(ObjectMapper.java:4818)
	at com.fasterxml.jackson.databind.ObjectMapper.readValue(ObjectMapper.java:3637)
	at com.awei.frt.utils.ConfigLoader.tryLoadConfig(ConfigLoader.java:72)
	at com.awei.frt.utils.ConfigLoader.loadConfig(ConfigLoader.java:114)
	at com.awei.frt.ProjectStructureTest.setUp(ProjectStructureTest.java:30)
	at java.base/jdk.internal.reflect.NativeMethodAccessorImpl.invoke0(Native Method)
	at java.base/jdk.internal.reflect.NativeMethodAccessorImpl.invoke(NativeMethodAccessorImpl.java:77)
	at java.base/jdk.internal.reflect.DelegatingMethodAccessorImpl.invoke(DelegatingMethodAccessorImpl.java:43)
	at java.base/java.lang.reflect.Method.invoke(Method.java:569)
	at org.junit.platform.commons.util.ReflectionUtils.invokeMethod(ReflectionUtils.java:727)
	at org.junit.jupiter.engine.execution.MethodInvocation.proceed(MethodInvocation.java:60)
	at org.junit.jupiter.engine.execution.InvocationInterceptorChain$ValidatingInvocation.proceed(InvocationInterceptorChain.java:131)
	at org.junit.jupiter.engine.extension.TimeoutExtension.intercept(TimeoutExtension.java:156)
	at org.junit.jupiter.engine.extension.TimeoutExtension.interceptLifecycleMethod(TimeoutExtension.java:128)
	at org.junit.jupiter.engine.extension.TimeoutExtension.interceptBeforeEachMethod(TimeoutExtension.java:78)
	at org.junit.jupiter.engine.execution.InterceptingExecutableInvoker$ReflectiveInterceptorCall.lambda$ofVoidMethod$0(InterceptingExecutableInvoker.java:103)
	at org.junit.jupiter.engine.execution.InterceptingExecutableInvoker.lambda$invoke$0(InterceptingExecutableInvoker.java:93)
	at org.junit.jupiter.engine.execution.InvocationInterceptorChain$InterceptedInvocation.proceed(InvocationInterceptorChain.java:106)
	at org.junit.jupiter.engine.execution.InvocationInterceptorChain.proceed(InvocationInterceptorChain.java:64)
	at org.junit.jupiter.engine.execution.InvocationInterceptorChain.chainAndInvoke(InvocationInterceptorChain.java:45)
	at org.junit.jupiter.engine.execution.InvocationInterceptorChain.invoke(InvocationInterceptorChain.java:37)
	at org.junit.jupiter.engine.execution.InterceptingExecutableInvoker.invoke(InterceptingExecutableInvoker.java:92)
	at org.junit.jupiter.engine.execution.InterceptingExecutableInvoker.invoke(InterceptingExecutableInvoker.java:86)
	at org.junit.jupiter.engine.descriptor.ClassBasedTestDescriptor.invokeMethodInExtensionContext(ClassBasedTestDescriptor.java:520)
	at org.junit.jupiter.engine.descriptor.ClassBasedTestDescriptor.lambda$synthesizeBeforeEachMethodAdapter$23(ClassBasedTestDescriptor.java:505)
	at org.junit.jupiter.engine.descriptor.TestMethodTestDescriptor.lambda$invokeBeforeEachMethods$3(TestMethodTestDescriptor.java:174)
	at org.junit.jupiter.engine.descriptor.TestMethodTestDescriptor.lambda$invokeBeforeMethodsOrCallbacksUntilExceptionOccurs$6(TestMethodTestDescriptor.java:202)
	at org.junit.platform.engine.support.hierarchical.ThrowableCollector.execute(ThrowableCollector.java:73)
	at org.junit.jupiter.engine.descriptor.TestMethodTestDescriptor.invokeBeforeMethodsOrCallbacksUntilExceptionOccurs(TestMethodTestDescriptor.java:202)
	at org.junit.jupiter.engine.descriptor.TestMethodTestDescriptor.invokeBeforeEachMethods(TestMethodTestDescriptor.java:171)
	at org.junit.jupiter.engine.descriptor.TestMethodTestDescriptor.execute(TestMethodTestDescriptor.java:134)
	at org.junit.jupiter.engine.descriptor.TestMethodTestDescriptor.execute(TestMethodTestDescriptor.java:68)
	at org.junit.platform.engine.support.hierarchical.NodeTestTask.lambda$executeRecursively$6(NodeTestTask.java:151)
	at org.junit.platform.engine.support.hierarchical.ThrowableCollector.execute(ThrowableCollector.java:73)
	at org.junit.platform.engine.support.hierarchical.NodeTestTask.lambda$executeRecursively$8(NodeTestTask.java:141)
	at org.junit.platform.engine.support.hierarchical.Node.around(Node.java:137)
	at org.junit.platform.engine.support.hierarchical.NodeTestTask.lambda$executeRecursively$9(NodeTestTask.java:139)
	at org.junit.platform.engine.support.hierarchical.ThrowableCollector.execute(ThrowableCollector.java:73)
	at org.junit.platform.engine.support.hierarchical.NodeTestTask.executeRecursively(NodeTestTask.java:138)
	at org.junit.platform.engine.support.hierarchical.NodeTestTask.execute(NodeTestTask.java:95)
	at java.base/java.util.ArrayList.forEach(ArrayList.java:1511)
	at org.junit.platform.engine.support.hierarchical.SameThreadHierarchicalTestExecutorService.invokeAll(SameThreadHierarchicalTestExecutorService.java:41)
	at org.junit.platform.engine.support.hierarchical.NodeTestTask.lambda$executeRecursively$6(NodeTestTask.java:155)
	at org.junit.platform.engine.support.hierarchical.ThrowableCollector.execute(ThrowableCollector.java:73)
	at org.junit.platform.engine.support.hierarchical.NodeTestTask.lambda$executeRecursively$8(NodeTestTask.java:141)
	at org.junit.platform.engine.support.hierarchical.Node.around(Node.java:137)
	at org.junit.platform.engine.support.hierarchical.NodeTestTask.lambda$executeRecursively$9(NodeTestTask.java:139)
	at org.junit.platform.engine.support.hierarchical.ThrowableCollector.execute(ThrowableCollector.java:73)
	at org.junit.platform.engine.support.hierarchical.NodeTestTask.executeRecursively(NodeTestTask.java:138)
	at org.junit.platform.engine.support.hierarchical.NodeTestTask.execute(NodeTestTask.java:95)
	at java.base/java.util.ArrayList.forEach(ArrayList.java:1511)
	at org.junit.platform.engine.support.hierarchical.SameThreadHierarchicalTestExecutorService.invokeAll(SameThreadHierarchicalTestExecutorService.java:41)
	at org.junit.platform.engine.support.hierarchical.NodeTestTask.lambda$executeRecursively$6(NodeTestTask.java:155)
	at org.junit.platform.engine.support.hierarchical.ThrowableCollector.execute(ThrowableCollector.java:73)
	at org.junit.platform.engine.support.hierarchical.NodeTestTask.lambda$executeRecursively$8(NodeTestTask.java:141)
	at org.junit.platform.engine.support.hierarchical.Node.around(Node.java:137)
	at org.junit.platform.engine.support.hierarchical.NodeTestTask.lambda$executeRecursively$9(NodeTestTask.java:139)
	at org.junit.platform.engine.support.hierarchical.ThrowableCollector.execute(ThrowableCollector.java:73)
	at org.junit.platform.engine.support.hierarchical.NodeTestTask.executeRecursively(NodeTestTask.java:138)
	at org.junit.platform.engine.support.hierarchical.NodeTestTask.execute(NodeTestTask.java:95)
	at org.junit.platform.engine.support.hierarchical.SameThreadHierarchicalTestExecutorService.submit(SameThreadHierarchicalTestExecutorService.java:35)
	at org.junit.platform.engine.support.hierarchical.HierarchicalTestExecutor.execute(HierarchicalTestExecutor.java:57)
	at org.junit.platform.engine.support.hierarchical.HierarchicalTestEngine.execute(HierarchicalTestEngine.java:54)
	at org.junit.platform.launcher.core.EngineExecutionOrchestrator.execute(EngineExecutionOrchestrator.java:147)
	at org.junit.platform.launcher.core.EngineExecutionOrchestrator.execute(EngineExecutionOrchestrator.java:127)
	at org.junit.platform.launcher.core.EngineExecutionOrchestrator.execute(EngineExecutionOrchestrator.java:90)
	at org.junit.platform.launcher.core.EngineExecutionOrchestrator.lambda$execute$0(EngineExecutionOrchestrator.java:55)
	at org.junit.platform.launcher.core.EngineExecutionOrchestrator.withInterceptedStreams(EngineExecutionOrchestrator.java:102)
	at org.junit.platform.launcher.core.EngineExecutionOrchestrator.execute(EngineExecutionOrchestrator.java:54)
	at org.junit.platform.launcher.core.DefaultLauncher.execute(DefaultLauncher.java:114)
	at org.junit.platform.launcher.core.DefaultLauncher.execute(DefaultLauncher.java:86)
	at org.junit.platform.launcher.core.DefaultLauncherSession$DelegatingLauncher.execute(DefaultLauncherSession.java:86)
	at org.junit.platform.launcher.core.SessionPerRequestLauncher.execute(SessionPerRequestLauncher.java:53)
	at com.intellij.junit5.JUnit5IdeaTestRunner.startRunnerWithArgs(JUnit5IdeaTestRunner.java:57)
	at com.intellij.rt.junit.IdeaTestRunner$Repeater$1.execute(IdeaTestRunner.java:38)
	at com.intellij.rt.execution.junit.TestsRepeater.repeat(TestsRepeater.java:11)
	at com.intellij.rt.junit.IdeaTestRunner$Repeater.startRunnerWithArgs(IdeaTestRunner.java:35)
	at com.intellij.rt.junit.JUnitStarter.prepareStreamsAndStart(JUnitStarter.java:232)
	at com.intellij.rt.junit.JUnitStarter.main(JUnitStarter.java:55)
2025-12-28 17:03:51 [main] INFO  com.awei.frt.utils.ConfigLoader - 配置文件加载成功: C:\Users\5454564546\Desktop\FRT\FRT\config.json
2025-12-28 17:03:51 [main] INFO  com.awei.frt.utils.ConfigLoader - 使用项目根目录配置: C:\Users\5454564546\Desktop\FRT\FRT\config.json
2025-12-28 17:03:51 [main] WARN  com.awei.frt.utils.ConfigLoader - 配置文件加载失败: C:\Users\5454564546\Desktop\FRT\config.json
com.fasterxml.jackson.databind.exc.MismatchedInputException: No content to map due to end-of-input
 at [Source: (File); line: 1, column: 0]
	at com.fasterxml.jackson.databind.exc.MismatchedInputException.from(MismatchedInputException.java:59)
	at com.fasterxml.jackson.databind.ObjectMapper._initForReading(ObjectMapper.java:4916)
	at com.fasterxml.jackson.databind.ObjectMapper._readMapAndClose(ObjectMapper.java:4818)
	at com.fasterxml.jackson.databind.ObjectMapper.readValue(ObjectMapper.java:3637)
	at com.awei.frt.utils.ConfigLoader.tryLoadConfig(ConfigLoader.java:72)
	at com.awei.frt.utils.ConfigLoader.loadConfig(ConfigLoader.java:114)
	at com.awei.frt.ProjectStructureTest.setUp(ProjectStructureTest.java:30)
	at java.base/jdk.internal.reflect.NativeMethodAccessorImpl.invoke0(Native Method)
	at java.base/jdk.internal.reflect.NativeMethodAccessorImpl.invoke(NativeMethodAccessorImpl.java:77)
	at java.base/jdk.internal.reflect.DelegatingMethodAccessorImpl.invoke(DelegatingMethodAccessorImpl.java:43)
	at java.base/java.lang.reflect.Method.invoke(Method.java:569)
	at org.junit.platform.commons.util.ReflectionUtils.invokeMethod(ReflectionUtils.java:727)
	at org.junit.jupiter.engine.execution.MethodInvocation.proceed(MethodInvocation.java:60)
	at org.junit.jupiter.engine.execution.InvocationInterceptorChain$ValidatingInvocation.proceed(InvocationInterceptorChain.java:131)
	at org.junit.jupiter.engine.extension.TimeoutExtension.intercept(TimeoutExtension.java:156)
	at org.junit.jupiter.engine.extension.TimeoutExtension.interceptLifecycleMethod(TimeoutExtension.java:128)
	at org.junit.jupiter.engine.extension.TimeoutExtension.interceptBeforeEachMethod(TimeoutExtension.java:78)
	at org.junit.jupiter.engine.execution.InterceptingExecutableInvoker$ReflectiveInterceptorCall.lambda$ofVoidMethod$0(InterceptingExecutableInvoker.java:103)
	at org.junit.jupiter.engine.execution.InterceptingExecutableInvoker.lambda$invoke$0(InterceptingExecutableInvoker.java:93)
	at org.junit.jupiter.engine.execution.InvocationInterceptorChain$InterceptedInvocation.proceed(InvocationInterceptorChain.java:106)
	at org.junit.jupiter.engine.execution.InvocationInterceptorChain.proceed(InvocationInterceptorChain.java:64)
	at org.junit.jupiter.engine.execution.InvocationInterceptorChain.chainAndInvoke(InvocationInterceptorChain.java:45)
	at org.junit.jupiter.engine.execution.InvocationInterceptorChain.invoke(InvocationInterceptorChain.java:37)
	at org.junit.jupiter.engine.execution.InterceptingExecutableInvoker.invoke(InterceptingExecutableInvoker.java:92)
	at org.junit.jupiter.engine.execution.InterceptingExecutableInvoker.invoke(InterceptingExecutableInvoker.java:86)
	at org.junit.jupiter.engine.descriptor.ClassBasedTestDescriptor.invokeMethodInExtensionContext(ClassBasedTestDescriptor.java:520)
	at org.junit.jupiter.engine.descriptor.ClassBasedTestDescriptor.lambda$synthesizeBeforeEachMethodAdapter$23(ClassBasedTestDescriptor.java:505)
	at org.junit.jupiter.engine.descriptor.TestMethodTestDescriptor.lambda$invokeBeforeEachMethods$3(TestMethodTestDescriptor.java:174)
	at org.junit.jupiter.engine.descriptor.TestMethodTestDescriptor.lambda$invokeBeforeMethodsOrCallbacksUntilExceptionOccurs$6(TestMethodTestDescriptor.java:202)
	at org.junit.platform.engine.support.hierarchical.ThrowableCollector.execute(ThrowableCollector.java:73)
	at org.junit.jupiter.engine.descriptor.TestMethodTestDescriptor.invokeBeforeMethodsOrCallbacksUntilExceptionOccurs(TestMethodTestDescriptor.java:202)
	at org.junit.jupiter.engine.descriptor.TestMethodTestDescriptor.invokeBeforeEachMethods(TestMethodTestDescriptor.java:171)
	at org.junit.jupiter.engine.descriptor.TestMethodTestDescriptor.execute(TestMethodTestDescriptor.java:134)
	at org.junit.jupiter.engine.descriptor.TestMethodTestDescriptor.execute(TestMethodTestDescriptor.java:68)
	at org.junit.platform.engine.support.hierarchical.NodeTestTask.lambda$executeRecursively$6(NodeTestTask.java:151)
	at org.junit.platform.engine.support.hierarchical.ThrowableCollector.execute(ThrowableCollector.java:73)
	at org.junit.platform.engine.support.hierarchical.NodeTestTask.lambda$executeRecursively$8(NodeTestTask.java:141)
	at org.junit.platform.engine.support.hierarchical.Node.around(Node.java:137)
	at org.junit.platform.engine.support.hierarchical.NodeTestTask.lambda$executeRecursively$9(NodeTestTask.java:139)
	at org.junit.platform.engine.support.hierarchical.ThrowableCollector.execute(ThrowableCollector.java:73)
	at org.junit.platform.engine.support.hierarchical.NodeTestTask.executeRecursively(NodeTestTask.java:138)
	at org.junit.platform.engine.support.hierarchical.NodeTestTask.execute(NodeTestTask.java:95)
	at java.base/java.util.ArrayList.forEach(ArrayList.java:1511)
	at org.junit.platform.engine.support.hierarchical.SameThreadHierarchicalTestExecutorService.invokeAll(SameThreadHierarchicalTestExecutorService.java:41)
	at org.junit.platform.engine.support.hierarchical.NodeTestTask.lambda$executeRecursively$6(NodeTestTask.java:155)
	at org.junit.platform.engine.support.hierarchical.ThrowableCollector.execute(ThrowableCollector.java:73)
	at org.junit.platform.engine.support.hierarchical.NodeTestTask.lambda$executeRecursively$8(NodeTestTask.java:141)
	at org.junit.platform.engine.support.hierarchical.Node.around(Node.java:137)
	at org.junit.platform.engine.support.hierarchical.NodeTestTask.lambda$executeRecursively$9(NodeTestTask.java:139)
	at org.junit.platform.engine.support.hierarchical.ThrowableCollector.execute(ThrowableCollector.java:73)
	at org.junit.platform.engine.support.hierarchical.NodeTestTask.executeRecursively(NodeTestTask.java:138)
	at org.junit.platform.engine.support.hierarchical.NodeTestTask.execute(NodeTestTask.java:95)
	at java.base/java.util.ArrayList.forEach(ArrayList.java:1511)
	at org.junit.platform.engine.support.hierarchical.SameThreadHierarchicalTestExecutorService.invokeAll(SameThreadHierarchicalTestExecutorService.java:41)
	at org.junit.platform.engine.support.hierarchical.NodeTestTask.lambda$executeRecursively$6(NodeTestTask.java:155)
	at org.junit.platform.engine.support.hierarchical.ThrowableCollector.execute(ThrowableCollector.java:73)
	at org.junit.platform.engine.support.hierarchical.NodeTestTask.lambda$executeRecursively$8(NodeTestTask.java:141)
	at org.junit.platform.engine.support.hierarchical.Node.around(Node.java:137)
	at org.junit.platform.engine.support.hierarchical.NodeTestTask.lambda$executeRecursively$9(NodeTestTask.java:139)
	at org.junit.platform.engine.support.hierarchical.ThrowableCollector.execute(ThrowableCollector.java:73)
	at org.junit.platform.engine.support.hierarchical.NodeTestTask.executeRecursively(NodeTestTask.java:138)
	at org.junit.platform.engine.support.hierarchical.NodeTestTask.execute(NodeTestTask.java:95)
	at org.junit.platform.engine.support.hierarchical.SameThreadHierarchicalTestExecutorService.submit(SameThreadHierarchicalTestExecutorService.java:35)
	at org.junit.platform.engine.support.hierarchical.HierarchicalTestExecutor.execute(HierarchicalTestExecutor.java:57)
	at org.junit.platform.engine.support.hierarchical.HierarchicalTestEngine.execute(HierarchicalTestEngine.java:54)
	at org.junit.platform.launcher.core.EngineExecutionOrchestrator.execute(EngineExecutionOrchestrator.java:147)
	at org.junit.platform.launcher.core.EngineExecutionOrchestrator.execute(EngineExecutionOrchestrator.java:127)
	at org.junit.platform.launcher.core.EngineExecutionOrchestrator.execute(EngineExecutionOrchestrator.java:90)
	at org.junit.platform.launcher.core.EngineExecutionOrchestrator.lambda$execute$0(EngineExecutionOrchestrator.java:55)
	at org.junit.platform.launcher.core.EngineExecutionOrchestrator.withInterceptedStreams(EngineExecutionOrchestrator.java:102)
	at org.junit.platform.launcher.core.EngineExecutionOrchestrator.execute(EngineExecutionOrchestrator.java:54)
	at org.junit.platform.launcher.core.DefaultLauncher.execute(DefaultLauncher.java:114)
	at org.junit.platform.launcher.core.DefaultLauncher.execute(DefaultLauncher.java:86)
	at org.junit.platform.launcher.core.DefaultLauncherSession$DelegatingLauncher.execute(DefaultLauncherSession.java:86)
	at org.junit.platform.launcher.core.SessionPerRequestLauncher.execute(SessionPerRequestLauncher.java:53)
	at com.intellij.junit5.JUnit5IdeaTestRunner.startRunnerWithArgs(JUnit5IdeaTestRunner.java:57)
	at com.intellij.rt.junit.IdeaTestRunner$Repeater$1.execute(IdeaTestRunner.java:38)
	at com.intellij.rt.execution.junit.TestsRepeater.repeat(TestsRepeater.java:11)
	at com.intellij.rt.junit.IdeaTestRunner$Repeater.startRunnerWithArgs(IdeaTestRunner.java:35)
	at com.intellij.rt.junit.JUnitStarter.prepareStreamsAndStart(JUnitStarter.java:232)
	at com.intellij.rt.junit.JUnitStarter.main(JUnitStarter.java:55)
2025-12-28 17:03:51 [main] INFO  com.awei.frt.utils.ConfigLoader - 配置文件加载成功: C:\Users\5454564546\Desktop\FRT\FRT\config.json
2025-12-28 17:03:51 [main] INFO  com.awei.frt.utils.ConfigLoader - 使用项目根目录配置: C:\Users\5454564546\Desktop\FRT\FRT\config.json
2025-12-28 17:03:51 [main] WARN  com.awei.frt.utils.ConfigLoader - 配置文件加载失败: C:\Users\5454564546\Desktop\FRT\config.json
com.fasterxml.jackson.databind.exc.MismatchedInputException: No content to map due to end-of-input
 at [Source: (File); line: 1, column: 0]
	at com.fasterxml.jackson.databind.exc.MismatchedInputException.from(MismatchedInputException.java:59)
	at com.fasterxml.jackson.databind.ObjectMapper._initForReading(ObjectMapper.java:4916)
	at com.fasterxml.jackson.databind.ObjectMapper._readMapAndClose(ObjectMapper.java:4818)
	at com.fasterxml.jackson.databind.ObjectMapper.readValue(ObjectMapper.java:3637)
	at com.awei.frt.utils.ConfigLoader.tryLoadConfig(ConfigLoader.java:72)
	at com.awei.frt.utils.ConfigLoader.loadConfig(ConfigLoader.java:114)
	at com.awei.frt.ProjectStructureTest.setUp(ProjectStructureTest.java:30)
	at java.base/jdk.internal.reflect.NativeMethodAccessorImpl.invoke0(Native Method)
	at java.base/jdk.internal.reflect.NativeMethodAccessorImpl.invoke(NativeMethodAccessorImpl.java:77)
	at java.base/jdk.internal.reflect.DelegatingMethodAccessorImpl.invoke(DelegatingMethodAccessorImpl.java:43)
	at java.base/java.lang.reflect.Method.invoke(Method.java:569)
	at org.junit.platform.commons.util.ReflectionUtils.invokeMethod(ReflectionUtils.java:727)
	at org.junit.jupiter.engine.execution.MethodInvocation.proceed(MethodInvocation.java:60)
	at org.junit.jupiter.engine.execution.InvocationInterceptorChain$ValidatingInvocation.proceed(InvocationInterceptorChain.java:131)
	at org.junit.jupiter.engine.extension.TimeoutExtension.intercept(TimeoutExtension.java:156)
	at org.junit.jupiter.engine.extension.TimeoutExtension.interceptLifecycleMethod(TimeoutExtension.java:128)
	at org.junit.jupiter.engine.extension.TimeoutExtension.interceptBeforeEachMethod(TimeoutExtension.java:78)
	at org.junit.jupiter.engine.execution.InterceptingExecutableInvoker$ReflectiveInterceptorCall.lambda$ofVoidMethod$0(InterceptingExecutableInvoker.java:103)
	at org.junit.jupiter.engine.execution.InterceptingExecutableInvoker.lambda$invoke$0(InterceptingExecutableInvoker.java:93)
	at org.junit.jupiter.engine.execution.InvocationInterceptorChain$InterceptedInvocation.proceed(InvocationInterceptorChain.java:106)
	at org.junit.jupiter.engine.execution.InvocationInterceptorChain.proceed(InvocationInterceptorChain.java:64)
	at org.junit.jupiter.engine.execution.InvocationInterceptorChain.chainAndInvoke(InvocationInterceptorChain.java:45)
	at org.junit.jupiter.engine.execution.InvocationInterceptorChain.invoke(InvocationInterceptorChain.java:37)
	at org.junit.jupiter.engine.execution.InterceptingExecutableInvoker.invoke(InterceptingExecutableInvoker.java:92)
	at org.junit.jupiter.engine.execution.InterceptingExecutableInvoker.invoke(InterceptingExecutableInvoker.java:86)
	at org.junit.jupiter.engine.descriptor.ClassBasedTestDescriptor.invokeMethodInExtensionContext(ClassBasedTestDescriptor.java:520)
	at org.junit.jupiter.engine.descriptor.ClassBasedTestDescriptor.lambda$synthesizeBeforeEachMethodAdapter$23(ClassBasedTestDescriptor.java:505)
	at org.junit.jupiter.engine.descriptor.TestMethodTestDescriptor.lambda$invokeBeforeEachMethods$3(TestMethodTestDescriptor.java:174)
	at org.junit.jupiter.engine.descriptor.TestMethodTestDescriptor.lambda$invokeBeforeMethodsOrCallbacksUntilExceptionOccurs$6(TestMethodTestDescriptor.java:202)
	at org.junit.platform.engine.support.hierarchical.ThrowableCollector.execute(ThrowableCollector.java:73)
	at org.junit.jupiter.engine.descriptor.TestMethodTestDescriptor.invokeBeforeMethodsOrCallbacksUntilExceptionOccurs(TestMethodTestDescriptor.java:202)
	at org.junit.jupiter.engine.descriptor.TestMethodTestDescriptor.invokeBeforeEachMethods(TestMethodTestDescriptor.java:171)
	at org.junit.jupiter.engine.descriptor.TestMethodTestDescriptor.execute(TestMethodTestDescriptor.java:134)
	at org.junit.jupiter.engine.descriptor.TestMethodTestDescriptor.execute(TestMethodTestDescriptor.java:68)
	at org.junit.platform.engine.support.hierarchical.NodeTestTask.lambda$executeRecursively$6(NodeTestTask.java:151)
	at org.junit.platform.engine.support.hierarchical.ThrowableCollector.execute(ThrowableCollector.java:73)
	at org.junit.platform.engine.support.hierarchical.NodeTestTask.lambda$executeRecursively$8(NodeTestTask.java:141)
	at org.junit.platform.engine.support.hierarchical.Node.around(Node.java:137)
	at org.junit.platform.engine.support.hierarchical.NodeTestTask.lambda$executeRecursively$9(NodeTestTask.java:139)
	at org.junit.platform.engine.support.hierarchical.ThrowableCollector.execute(ThrowableCollector.java:73)
	at org.junit.platform.engine.support.hierarchical.NodeTestTask.executeRecursively(NodeTestTask.java:138)
	at org.junit.platform.engine.support.hierarchical.NodeTestTask.execute(NodeTestTask.java:95)
	at java.base/java.util.ArrayList.forEach(ArrayList.java:1511)
	at org.junit.platform.engine.support.hierarchical.SameThreadHierarchicalTestExecutorService.invokeAll(SameThreadHierarchicalTestExecutorService.java:41)
	at org.junit.platform.engine.support.hierarchical.NodeTestTask.lambda$executeRecursively$6(NodeTestTask.java:155)
	at org.junit.platform.engine.support.hierarchical.ThrowableCollector.execute(ThrowableCollector.java:73)
	at org.junit.platform.engine.support.hierarchical.NodeTestTask.lambda$executeRecursively$8(NodeTestTask.java:141)
	at org.junit.platform.engine.support.hierarchical.Node.around(Node.java:137)
	at org.junit.platform.engine.support.hierarchical.NodeTestTask.lambda$executeRecursively$9(NodeTestTask.java:139)
	at org.junit.platform.engine.support.hierarchical.ThrowableCollector.execute(ThrowableCollector.java:73)
	at org.junit.platform.engine.support.hierarchical.NodeTestTask.executeRecursively(NodeTestTask.java:138)
	at org.junit.platform.engine.support.hierarchical.NodeTestTask.execute(NodeTestTask.java:95)
	at java.base/java.util.ArrayList.forEach(ArrayList.java:1511)
	at org.junit.platform.engine.support.hierarchical.SameThreadHierarchicalTestExecutorService.invokeAll(SameThreadHierarchicalTestExecutorService.java:41)
	at org.junit.platform.engine.support.hierarchical.NodeTestTask.lambda$executeRecursively$6(NodeTestTask.java:155)
	at org.junit.platform.engine.support.hierarchical.ThrowableCollector.execute(ThrowableCollector.java:73)
	at org.junit.platform.engine.support.hierarchical.NodeTestTask.lambda$executeRecursively$8(NodeTestTask.java:141)
	at org.junit.platform.engine.support.hierarchical.Node.around(Node.java:137)
	at org.junit.platform.engine.support.hierarchical.NodeTestTask.lambda$executeRecursively$9(NodeTestTask.java:139)
	at org.junit.platform.engine.support.hierarchical.ThrowableCollector.execute(ThrowableCollector.java:73)
	at org.junit.platform.engine.support.hierarchical.NodeTestTask.executeRecursively(NodeTestTask.java:138)
	at org.junit.platform.engine.support.hierarchical.NodeTestTask.execute(NodeTestTask.java:95)
	at org.junit.platform.engine.support.hierarchical.SameThreadHierarchicalTestExecutorService.submit(SameThreadHierarchicalTestExecutorService.java:35)
	at org.junit.platform.engine.support.hierarchical.HierarchicalTestExecutor.execute(HierarchicalTestExecutor.java:57)
	at org.junit.platform.engine.support.hierarchical.HierarchicalTestEngine.execute(HierarchicalTestEngine.java:54)
	at org.junit.platform.launcher.core.EngineExecutionOrchestrator.execute(EngineExecutionOrchestrator.java:147)
	at org.junit.platform.launcher.core.EngineExecutionOrchestrator.execute(EngineExecutionOrchestrator.java:127)
	at org.junit.platform.launcher.core.EngineExecutionOrchestrator.execute(EngineExecutionOrchestrator.java:90)
	at org.junit.platform.launcher.core.EngineExecutionOrchestrator.lambda$execute$0(EngineExecutionOrchestrator.java:55)
	at org.junit.platform.launcher.core.EngineExecutionOrchestrator.withInterceptedStreams(EngineExecutionOrchestrator.java:102)
	at org.junit.platform.launcher.core.EngineExecutionOrchestrator.execute(EngineExecutionOrchestrator.java:54)
	at org.junit.platform.launcher.core.DefaultLauncher.execute(DefaultLauncher.java:114)
	at org.junit.platform.launcher.core.DefaultLauncher.execute(DefaultLauncher.java:86)
	at org.junit.platform.launcher.core.DefaultLauncherSession$DelegatingLauncher.execute(DefaultLauncherSession.java:86)
	at org.junit.platform.launcher.core.SessionPerRequestLauncher.execute(SessionPerRequestLauncher.java:53)
	at com.intellij.junit5.JUnit5IdeaTestRunner.startRunnerWithArgs(JUnit5IdeaTestRunner.java:57)
	at com.intellij.rt.junit.IdeaTestRunner$Repeater$1.execute(IdeaTestRunner.java:38)
	at com.intellij.rt.execution.junit.TestsRepeater.repeat(TestsRepeater.java:11)
	at com.intellij.rt.junit.IdeaTestRunner$Repeater.startRunnerWithArgs(IdeaTestRunner.java:35)
	at com.intellij.rt.junit.JUnitStarter.prepareStreamsAndStart(JUnitStarter.java:232)
	at com.intellij.rt.junit.JUnitStarter.main(JUnitStarter.java:55)
2025-12-28 17:03:51 [main] INFO  com.awei.frt.utils.ConfigLoader - 配置文件加载成功: C:\Users\5454564546\Desktop\FRT\FRT\config.json
2025-12-28 17:03:51 [main] INFO  com.awei.frt.utils.ConfigLoader - 使用项目根目录配置: C:\Users\5454564546\Desktop\FRT\FRT\config.json
2025-12-28 17:05:52 [main] INFO  com.awei.frt.utils.ConfigLoader - 配置文件加载成功: C:\Users\5454564546\Desktop\FRT\config.json
2025-12-28 17:05:52 [main] INFO  com.awei.frt.utils.ConfigLoader - 使用FRT同级目录配置: C:\Users\5454564546\Desktop\FRT\config.json
2025-12-28 17:05:52 [main] INFO  com.awei.frt.utils.ConfigLoader - 配置文件加载成功: C:\Users\5454564546\Desktop\FRT\config.json
2025-12-28 17:05:52 [main] INFO  com.awei.frt.utils.ConfigLoader - 使用FRT同级目录配置: C:\Users\5454564546\Desktop\FRT\config.json
2025-12-28 17:05:52 [main] INFO  com.awei.frt.utils.ConfigLoader - 配置文件加载成功: C:\Users\5454564546\Desktop\FRT\config.json
2025-12-28 17:05:52 [main] INFO  com.awei.frt.utils.ConfigLoader - 使用FRT同级目录配置: C:\Users\5454564546\Desktop\FRT\config.json
2025-12-28 17:05:52 [main] INFO  com.awei.frt.utils.ConfigLoader - 配置文件加载成功: C:\Users\5454564546\Desktop\FRT\config.json
2025-12-28 17:05:52 [main] INFO  com.awei.frt.utils.ConfigLoader - 使用FRT同级目录配置: C:\Users\5454564546\Desktop\FRT\config.json
2025-12-28 17:05:52 [main] INFO  com.awei.frt.utils.ConfigLoader - 配置文件加载成功: C:\Users\5454564546\Desktop\FRT\config.json
2025-12-28 17:05:52 [main] INFO  com.awei.frt.utils.ConfigLoader - 使用FRT同级目录配置: C:\Users\5454564546\Desktop\FRT\config.json
2025-12-28 17:05:52 [main] INFO  com.awei.frt.utils.ConfigLoader - 配置文件加载成功: C:\Users\5454564546\Desktop\FRT\config.json
2025-12-28 17:05:52 [main] INFO  com.awei.frt.utils.ConfigLoader - 使用FRT同级目录配置: C:\Users\5454564546\Desktop\FRT\config.json
2025-12-28 17:05:52 [main] INFO  com.awei.frt.utils.ConfigLoader - 配置文件加载成功: C:\Users\5454564546\Desktop\FRT\config.json
2025-12-28 17:05:52 [main] INFO  com.awei.frt.utils.ConfigLoader - 使用FRT同级目录配置: C:\Users\5454564546\Desktop\FRT\config.json
2025-12-28 17:16:07 [main] INFO  com.awei.frt.utils.ConfigLoader - 配置文件加载成功: C:\Users\5454564546\Desktop\FRT\config.json
2025-12-28 17:16:07 [main] INFO  com.awei.frt.utils.ConfigLoader - 使用FRT同级目录配置: C:\Users\5454564546\Desktop\FRT\config.json
2025-12-28 17:16:07 [main] INFO  com.awei.frt.utils.ConfigLoader - 配置文件加载成功: C:\Users\5454564546\Desktop\FRT\config.json
2025-12-28 17:16:07 [main] INFO  com.awei.frt.utils.ConfigLoader - 使用FRT同级目录配置: C:\Users\5454564546\Desktop\FRT\config.json
2025-12-28 17:16:07 [main] INFO  com.awei.frt.utils.ConfigLoader - 配置文件加载成功: C:\Users\5454564546\Desktop\FRT\config.json
2025-12-28 17:16:07 [main] INFO  com.awei.frt.utils.ConfigLoader - 使用FRT同级目录配置: C:\Users\5454564546\Desktop\FRT\config.json
2025-12-28 17:16:07 [main] INFO  com.awei.frt.utils.ConfigLoader - 配置文件加载成功: C:\Users\5454564546\Desktop\FRT\config.json
2025-12-28 17:16:07 [main] INFO  com.awei.frt.utils.ConfigLoader - 使用FRT同级目录配置: C:\Users\5454564546\Desktop\FRT\config.json
2025-12-28 17:16:07 [main] INFO  com.awei.frt.utils.ConfigLoader - 配置文件加载成功: C:\Users\5454564546\Desktop\FRT\config.json
2025-12-28 17:16:07 [main] INFO  com.awei.frt.utils.ConfigLoader - 使用FRT同级目录配置: C:\Users\5454564546\Desktop\FRT\config.json
2025-12-28 17:16:07 [main] INFO  com.awei.frt.utils.ConfigLoader - 配置文件加载成功: C:\Users\5454564546\Desktop\FRT\config.json
2025-12-28 17:16:07 [main] INFO  com.awei.frt.utils.ConfigLoader - 使用FRT同级目录配置: C:\Users\5454564546\Desktop\FRT\config.json
2025-12-28 17:16:07 [main] INFO  com.awei.frt.utils.ConfigLoader - 配置文件加载成功: C:\Users\5454564546\Desktop\FRT\config.json
2025-12-28 17:16:07 [main] INFO  com.awei.frt.utils.ConfigLoader - 使用FRT同级目录配置: C:\Users\5454564546\Desktop\FRT\config.json
2025-12-28 17:19:29 [main] INFO  com.awei.frt.utils.ConfigLoader - 配置文件加载成功: C:\Users\5454564546\Desktop\FRT\config.json
2025-12-28 17:19:29 [main] INFO  com.awei.frt.utils.ConfigLoader - 使用FRT同级目录配置: C:\Users\5454564546\Desktop\FRT\config.json
2025-12-28 17:19:29 [main] INFO  com.awei.frt.utils.ConfigLoader - 配置文件加载成功: C:\Users\5454564546\Desktop\FRT\config.json
2025-12-28 17:19:29 [main] INFO  com.awei.frt.utils.ConfigLoader - 使用FRT同级目录配置: C:\Users\5454564546\Desktop\FRT\config.json
2025-12-28 17:19:29 [main] INFO  com.awei.frt.utils.ConfigLoader - 配置文件加载成功: C:\Users\5454564546\Desktop\FRT\config.json
2025-12-28 17:19:29 [main] INFO  com.awei.frt.utils.ConfigLoader - 使用FRT同级目录配置: C:\Users\5454564546\Desktop\FRT\config.json
2025-12-28 17:19:29 [main] INFO  com.awei.frt.utils.ConfigLoader - 配置文件加载成功: C:\Users\5454564546\Desktop\FRT\config.json
2025-12-28 17:19:29 [main] INFO  com.awei.frt.utils.ConfigLoader - 使用FRT同级目录配置: C:\Users\5454564546\Desktop\FRT\config.json
2025-12-28 17:19:29 [main] INFO  com.awei.frt.utils.ConfigLoader - 配置文件加载成功: C:\Users\5454564546\Desktop\FRT\config.json
2025-12-28 17:19:29 [main] INFO  com.awei.frt.utils.ConfigLoader - 使用FRT同级目录配置: C:\Users\5454564546\Desktop\FRT\config.json
2025-12-28 17:19:29 [main] INFO  com.awei.frt.utils.ConfigLoader - 配置文件加载成功: C:\Users\5454564546\Desktop\FRT\config.json
2025-12-28 17:19:29 [main] INFO  com.awei.frt.utils.ConfigLoader - 使用FRT同级目录配置: C:\Users\5454564546\Desktop\FRT\config.json
2025-12-28 17:19:29 [main] INFO  com.awei.frt.utils.ConfigLoader - 配置文件加载成功: C:\Users\5454564546\Desktop\FRT\config.json
2025-12-28 17:19:29 [main] INFO  com.awei.frt.utils.ConfigLoader - 使用FRT同级目录配置: C:\Users\5454564546\Desktop\FRT\config.json
2025-12-28 17:22:24 [main] INFO  com.awei.frt.utils.ConfigLoader - 配置文件加载成功: C:\Users\5454564546\Desktop\FRT\config.json
2025-12-28 17:22:24 [main] INFO  com.awei.frt.utils.ConfigLoader - 使用FRT同级目录配置: C:\Users\5454564546\Desktop\FRT\config.json
2025-12-28 17:22:24 [main] INFO  com.awei.frt.utils.ConfigLoader - 配置文件加载成功: C:\Users\5454564546\Desktop\FRT\config.json
2025-12-28 17:22:24 [main] INFO  com.awei.frt.utils.ConfigLoader - 使用FRT同级目录配置: C:\Users\5454564546\Desktop\FRT\config.json
2025-12-28 17:22:24 [main] INFO  com.awei.frt.utils.ConfigLoader - 配置文件加载成功: C:\Users\5454564546\Desktop\FRT\config.json
2025-12-28 17:22:24 [main] INFO  com.awei.frt.utils.ConfigLoader - 使用FRT同级目录配置: C:\Users\5454564546\Desktop\FRT\config.json
2025-12-28 17:22:24 [main] INFO  com.awei.frt.utils.ConfigLoader - 配置文件加载成功: C:\Users\5454564546\Desktop\FRT\config.json
2025-12-28 17:22:24 [main] INFO  com.awei.frt.utils.ConfigLoader - 使用FRT同级目录配置: C:\Users\5454564546\Desktop\FRT\config.json
2025-12-28 17:22:24 [main] INFO  com.awei.frt.utils.ConfigLoader - 配置文件加载成功: C:\Users\5454564546\Desktop\FRT\config.json
2025-12-28 17:22:24 [main] INFO  com.awei.frt.utils.ConfigLoader - 使用FRT同级目录配置: C:\Users\5454564546\Desktop\FRT\config.json
2025-12-28 17:22:24 [main] INFO  com.awei.frt.utils.ConfigLoader - 配置文件加载成功: C:\Users\5454564546\Desktop\FRT\config.json
2025-12-28 17:22:24 [main] INFO  com.awei.frt.utils.ConfigLoader - 使用FRT同级目录配置: C:\Users\5454564546\Desktop\FRT\config.json
2025-12-28 17:22:24 [main] INFO  com.awei.frt.utils.ConfigLoader - 配置文件加载成功: C:\Users\5454564546\Desktop\FRT\config.json
2025-12-28 17:22:24 [main] INFO  com.awei.frt.utils.ConfigLoader - 使用FRT同级目录配置: C:\Users\5454564546\Desktop\FRT\config.json
2025-12-28 17:24:58 [main] INFO  com.awei.frt.utils.ConfigLoader - 配置文件加载成功: C:\Users\5454564546\Desktop\FRT\config.json
2025-12-28 17:24:58 [main] INFO  com.awei.frt.utils.ConfigLoader - 使用FRT同级目录配置: C:\Users\5454564546\Desktop\FRT\config.json
2025-12-28 17:24:58 [main] INFO  com.awei.frt.utils.ConfigLoader - 配置文件加载成功: C:\Users\5454564546\Desktop\FRT\config.json
2025-12-28 17:24:58 [main] INFO  com.awei.frt.utils.ConfigLoader - 使用FRT同级目录配置: C:\Users\5454564546\Desktop\FRT\config.json
2025-12-28 17:24:58 [main] INFO  com.awei.frt.utils.ConfigLoader - 配置文件加载成功: C:\Users\5454564546\Desktop\FRT\config.json
2025-12-28 17:24:58 [main] INFO  com.awei.frt.utils.ConfigLoader - 使用FRT同级目录配置: C:\Users\5454564546\Desktop\FRT\config.json
2025-12-28 17:24:58 [main] INFO  com.awei.frt.utils.ConfigLoader - 配置文件加载成功: C:\Users\5454564546\Desktop\FRT\config.json
2025-12-28 17:24:58 [main] INFO  com.awei.frt.utils.ConfigLoader - 使用FRT同级目录配置: C:\Users\5454564546\Desktop\FRT\config.json
2025-12-28 17:24:58 [main] INFO  com.awei.frt.utils.ConfigLoader - 配置文件加载成功: C:\Users\5454564546\Desktop\FRT\config.json
2025-12-28 17:24:58 [main] INFO  com.awei.frt.utils.ConfigLoader - 使用FRT同级目录配置: C:\Users\5454564546\Desktop\FRT\config.json
2025-12-28 17:24:58 [main] INFO  com.awei.frt.utils.ConfigLoader - 配置文件加载成功: C:\Users\5454564546\Desktop\FRT\config.json
2025-12-28 17:24:58 [main] INFO  com.awei.frt.utils.ConfigLoader - 使用FRT同级目录配置: C:\Users\5454564546\Desktop\FRT\config.json
2025-12-28 17:24:58 [main] INFO  com.awei.frt.utils.ConfigLoader - 配置文件加载成功: C:\Users\5454564546\Desktop\FRT\config.json
2025-12-28 17:24:58 [main] INFO  com.awei.frt.utils.ConfigLoader - 使用FRT同级目录配置: C:\Users\5454564546\Desktop\FRT\config.json
2025-12-28 17:28:01 [main] INFO  com.awei.frt.utils.ConfigLoader - 配置文件加载成功: C:\Users\5454564546\Desktop\FRT\config.json
2025-12-28 17:28:01 [main] INFO  com.awei.frt.utils.ConfigLoader - 使用FRT同级目录配置: C:\Users\5454564546\Desktop\FRT\config.json
2025-12-28 17:28:01 [main] INFO  com.awei.frt.utils.ConfigLoader - 配置文件加载成功: C:\Users\5454564546\Desktop\FRT\config.json
2025-12-28 17:28:01 [main] INFO  com.awei.frt.utils.ConfigLoader - 使用FRT同级目录配置: C:\Users\5454564546\Desktop\FRT\config.json
2025-12-28 17:28:01 [main] INFO  com.awei.frt.utils.ConfigLoader - 配置文件加载成功: C:\Users\5454564546\Desktop\FRT\config.json
2025-12-28 17:28:01 [main] INFO  com.awei.frt.utils.ConfigLoader - 使用FRT同级目录配置: C:\Users\5454564546\Desktop\FRT\config.json
2025-12-28 17:28:01 [main] INFO  com.awei.frt.utils.ConfigLoader - 配置文件加载成功: C:\Users\5454564546\Desktop\FRT\config.json
2025-12-28 17:28:01 [main] INFO  com.awei.frt.utils.ConfigLoader - 使用FRT同级目录配置: C:\Users\5454564546\Desktop\FRT\config.json
2025-12-28 17:28:01 [main] INFO  com.awei.frt.utils.ConfigLoader - 配置文件加载成功: C:\Users\5454564546\Desktop\FRT\config.json
2025-12-28 17:28:01 [main] INFO  com.awei.frt.utils.ConfigLoader - 使用FRT同级目录配置: C:\Users\5454564546\Desktop\FRT\config.json
2025-12-28 17:28:01 [main] INFO  com.awei.frt.utils.ConfigLoader - 配置文件加载成功: C:\Users\5454564546\Desktop\FRT\config.json
2025-12-28 17:28:01 [main] INFO  com.awei.frt.utils.ConfigLoader - 使用FRT同级目录配置: C:\Users\5454564546\Desktop\FRT\config.json
2025-12-28 17:28:01 [main] INFO  com.awei.frt.utils.ConfigLoader - 配置文件加载成功: C:\Users\5454564546\Desktop\FRT\config.json
2025-12-28 17:28:01 [main] INFO  com.awei.frt.utils.ConfigLoader - 使用FRT同级目录配置: C:\Users\5454564546\Desktop\FRT\config.json
2025-12-28 17:29:12 [main] INFO  com.awei.frt.utils.ConfigLoader - 配置文件加载成功: C:\Users\5454564546\Desktop\FRT\config.json
2025-12-28 17:29:12 [main] INFO  com.awei.frt.utils.ConfigLoader - 使用FRT同级目录配置: C:\Users\5454564546\Desktop\FRT\config.json
2025-12-28 17:29:12 [main] INFO  com.awei.frt.utils.ConfigLoader - 配置文件加载成功: C:\Users\5454564546\Desktop\FRT\config.json
2025-12-28 17:29:12 [main] INFO  com.awei.frt.utils.ConfigLoader - 使用FRT同级目录配置: C:\Users\5454564546\Desktop\FRT\config.json
2025-12-28 17:29:12 [main] INFO  com.awei.frt.utils.ConfigLoader - 配置文件加载成功: C:\Users\5454564546\Desktop\FRT\config.json
2025-12-28 17:29:12 [main] INFO  com.awei.frt.utils.ConfigLoader - 使用FRT同级目录配置: C:\Users\5454564546\Desktop\FRT\config.json
2025-12-28 17:29:12 [main] INFO  com.awei.frt.utils.ConfigLoader - 配置文件加载成功: C:\Users\5454564546\Desktop\FRT\config.json
2025-12-28 17:29:12 [main] INFO  com.awei.frt.utils.ConfigLoader - 使用FRT同级目录配置: C:\Users\5454564546\Desktop\FRT\config.json
2025-12-28 17:29:12 [main] INFO  com.awei.frt.utils.ConfigLoader - 配置文件加载成功: C:\Users\5454564546\Desktop\FRT\config.json
2025-12-28 17:29:12 [main] INFO  com.awei.frt.utils.ConfigLoader - 使用FRT同级目录配置: C:\Users\5454564546\Desktop\FRT\config.json
2025-12-28 17:29:12 [main] INFO  com.awei.frt.utils.ConfigLoader - 配置文件加载成功: C:\Users\5454564546\Desktop\FRT\config.json
2025-12-28 17:29:12 [main] INFO  com.awei.frt.utils.ConfigLoader - 使用FRT同级目录配置: C:\Users\5454564546\Desktop\FRT\config.json
2025-12-28 17:29:12 [main] INFO  com.awei.frt.utils.ConfigLoader - 配置文件加载成功: C:\Users\5454564546\Desktop\FRT\config.json
2025-12-28 17:29:12 [main] INFO  com.awei.frt.utils.ConfigLoader - 使用FRT同级目录配置: C:\Users\5454564546\Desktop\FRT\config.json
2025-12-28 17:34:09 [main] INFO  com.awei.frt.utils.ConfigLoader - 配置文件加载成功: C:\Users\5454564546\Desktop\FRT\config.json
2025-12-28 17:34:09 [main] INFO  com.awei.frt.utils.ConfigLoader - 使用FRT同级目录配置: C:\Users\5454564546\Desktop\FRT\config.json
2025-12-28 17:34:09 [main] INFO  com.awei.frt.utils.ConfigLoader - 配置文件加载成功: C:\Users\5454564546\Desktop\FRT\config.json
2025-12-28 17:34:09 [main] INFO  com.awei.frt.utils.ConfigLoader - 使用FRT同级目录配置: C:\Users\5454564546\Desktop\FRT\config.json
2025-12-28 17:34:09 [main] INFO  com.awei.frt.utils.ConfigLoader - 配置文件加载成功: C:\Users\5454564546\Desktop\FRT\config.json
2025-12-28 17:34:09 [main] INFO  com.awei.frt.utils.ConfigLoader - 使用FRT同级目录配置: C:\Users\5454564546\Desktop\FRT\config.json
2025-12-28 17:34:09 [main] INFO  com.awei.frt.utils.ConfigLoader - 配置文件加载成功: C:\Users\5454564546\Desktop\FRT\config.json
2025-12-28 17:34:09 [main] INFO  com.awei.frt.utils.ConfigLoader - 使用FRT同级目录配置: C:\Users\5454564546\Desktop\FRT\config.json
2025-12-28 17:34:09 [main] INFO  com.awei.frt.utils.ConfigLoader - 配置文件加载成功: C:\Users\5454564546\Desktop\FRT\config.json
2025-12-28 17:34:09 [main] INFO  com.awei.frt.utils.ConfigLoader - 使用FRT同级目录配置: C:\Users\5454564546\Desktop\FRT\config.json
2025-12-28 17:34:09 [main] INFO  com.awei.frt.utils.ConfigLoader - 配置文件加载成功: C:\Users\5454564546\Desktop\FRT\config.json
2025-12-28 17:34:09 [main] INFO  com.awei.frt.utils.ConfigLoader - 使用FRT同级目录配置: C:\Users\5454564546\Desktop\FRT\config.json
2025-12-28 17:34:09 [main] INFO  com.awei.frt.utils.ConfigLoader - 配置文件加载成功: C:\Users\5454564546\Desktop\FRT\config.json
2025-12-28 17:34:09 [main] INFO  com.awei.frt.utils.ConfigLoader - 使用FRT同级目录配置: C:\Users\5454564546\Desktop\FRT\config.json
2025-12-28 17:35:58 [main] INFO  com.awei.frt.utils.ConfigLoader - 配置文件加载成功: C:\Users\5454564546\Desktop\FRT\config.json
2025-12-28 17:35:58 [main] INFO  com.awei.frt.utils.ConfigLoader - 使用FRT同级目录配置: C:\Users\5454564546\Desktop\FRT\config.json
2025-12-28 17:36:07 [main] WARN  c.a.frt.service.FileReplaceService - 更新目录不存在: C:\Users\5454564546\Desktop\FRT\FRT\update
2025-12-28 17:39:53 [main] INFO  com.awei.frt.utils.ConfigLoader - 配置文件加载成功: C:\Users\5454564546\Desktop\FRT\config.json
2025-12-28 17:39:53 [main] INFO  com.awei.frt.utils.ConfigLoader - 使用FRT同级目录配置: C:\Users\5454564546\Desktop\FRT\config.json
2025-12-28 17:39:59 [main] WARN  c.a.frt.service.FileReplaceService - 更新目录不存在: C:\Users\5454564546\Desktop\FRT\FRT\update
2025-12-28 21:19:58 [main] INFO  com.awei.frt.utils.ConfigLoader - 配置文件加载成功: C:\Users\5454564546\Desktop\FRT\config.json
2025-12-28 21:19:58 [main] INFO  com.awei.frt.utils.ConfigLoader - 使用FRT同级目录配置: C:\Users\5454564546\Desktop\FRT\config.json
2025-12-28 21:21:21 [main] DEBUG com.awei.frt.utils.FileUtils - 目录删除完成: C:\Users\5454564546\Desktop\FRT\FRT\..\old
2025-12-28 21:21:21 [main] DEBUG com.awei.frt.utils.FileUtils - 目录创建完成: C:\Users\5454564546\Desktop\FRT\FRT\..\old
2025-12-28 21:21:21 [main] DEBUG com.awei.frt.utils.FileUtils - 文件复制完成: C:\Users\5454564546\Desktop\FRT\FRT\..\update\a.txt -> C:\Users\5454564546\Desktop\FRT\FRT\..\THtest\a.txt
2025-12-28 21:21:21 [main] DEBUG c.a.frt.service.FileReplaceService - 记录操作: type=REPLACE, source=C:\Users\5454564546\Desktop\FRT\FRT\..\update\a.txt, target=C:\Users\5454564546\Desktop\FRT\FRT\..\THtest\a.txt
2025-12-28 21:21:21 [main] INFO  c.a.frt.service.FileReplaceService - 文件替换成功: C:\Users\5454564546\Desktop\FRT\FRT\..\update\a.txt -> C:\Users\5454564546\Desktop\FRT\FRT\..\THtest\a.txt
2025-12-28 21:21:21 [main] INFO  c.a.frt.service.FileReplaceService - 替换操作完成，共处理 1 个文件
2025-12-28 21:35:35 [main] INFO  com.awei.frt.utils.ConfigLoader - 配置文件加载成功: C:\Users\5454564546\Desktop\FRT\config.json
2025-12-28 21:35:35 [main] INFO  com.awei.frt.utils.ConfigLoader - 使用FRT同级目录配置: C:\Users\5454564546\Desktop\FRT\config.json
2025-12-28 21:36:57 [main] DEBUG com.awei.frt.utils.FileUtils - 目录删除完成: C:\Users\5454564546\Desktop\FRT\old
2025-12-28 21:36:57 [main] DEBUG com.awei.frt.utils.FileUtils - 目录创建完成: C:\Users\5454564546\Desktop\FRT\old
2025-12-28 21:36:57 [main] DEBUG com.awei.frt.utils.FileUtils - 文件复制完成: C:\Users\5454564546\Desktop\FRT\update\a.txt -> C:\Users\5454564546\Desktop\FRT\THtest\a.txt
2025-12-28 21:36:57 [main] DEBUG c.a.frt.service.FileReplaceService - 记录操作: type=REPLACE, source=C:\Users\5454564546\Desktop\FRT\update\a.txt, target=C:\Users\5454564546\Desktop\FRT\THtest\a.txt
2025-12-28 21:36:57 [main] DEBUG c.a.frt.service.FileReplaceService - 文件替换成功: C:\Users\5454564546\Desktop\FRT\update\a.txt -> C:\Users\5454564546\Desktop\FRT\THtest\a.txt
2025-12-28 21:36:57 [main] INFO  c.a.frt.service.FileReplaceService - 替换操作完成，共处理 1 个文件，跳过 0 个文件
2025-12-28 21:39:46 [main] INFO  com.awei.frt.utils.ConfigLoader - 配置文件加载成功: C:\Users\5454564546\Desktop\FRT\config.json
2025-12-28 21:39:46 [main] INFO  com.awei.frt.utils.ConfigLoader - 使用FRT同级目录配置: C:\Users\5454564546\Desktop\FRT\config.json
2025-12-28 21:39:57 [main] DEBUG com.awei.frt.utils.FileUtils - 目录删除完成: C:\Users\5454564546\Desktop\FRT\old
2025-12-28 21:39:57 [main] DEBUG com.awei.frt.utils.FileUtils - 目录创建完成: C:\Users\5454564546\Desktop\FRT\old
2025-12-28 21:39:57 [main] DEBUG com.awei.frt.utils.FileUtils - 文件复制完成: C:\Users\5454564546\Desktop\FRT\update\a.txt -> C:\Users\5454564546\Desktop\FRT\THtest\a.txt
2025-12-28 21:39:57 [main] DEBUG c.a.frt.service.FileReplaceService - 记录操作: type=REPLACE, source=C:\Users\5454564546\Desktop\FRT\update\a.txt, target=C:\Users\5454564546\Desktop\FRT\THtest\a.txt
2025-12-28 21:39:57 [main] DEBUG c.a.frt.service.FileReplaceService - 文件替换成功: C:\Users\5454564546\Desktop\FRT\update\a.txt -> C:\Users\5454564546\Desktop\FRT\THtest\a.txt
2025-12-28 21:39:57 [main] INFO  c.a.frt.service.FileReplaceService - 替换操作完成，共处理 1 个文件，跳过 0 个文件
2025-12-28 23:35:37 [main] INFO  com.awei.frt.utils.ConfigLoader - 配置文件加载成功: C:\Users\5454564546\Desktop\FRT\config.json
2025-12-28 23:35:37 [main] INFO  com.awei.frt.utils.ConfigLoader - 使用FRT项目根目录配置: C:\Users\5454564546\Desktop\FRT\config.json
2025-12-28 23:36:48 [main] DEBUG com.awei.frt.utils.FileUtils - 目录删除完成: C:\Users\5454564546\Desktop\FRT\old
2025-12-28 23:36:48 [main] DEBUG com.awei.frt.utils.FileUtils - 目录创建完成: C:\Users\5454564546\Desktop\FRT\old
2025-12-28 23:36:48 [main] DEBUG com.awei.frt.utils.FileUtils - 文件复制完成: C:\Users\5454564546\Desktop\FRT\THtest\a.txt -> C:\Users\5454564546\Desktop\FRT\old\a.txt
2025-12-28 23:36:48 [main] DEBUG c.a.frt.service.FileReplaceService - 文件备份完成: C:\Users\5454564546\Desktop\FRT\THtest\a.txt -> C:\Users\5454564546\Desktop\FRT\old\a.txt
2025-12-28 23:36:48 [main] DEBUG com.awei.frt.utils.FileUtils - 文件复制完成: C:\Users\5454564546\Desktop\FRT\update\a.txt -> C:\Users\5454564546\Desktop\FRT\THtest\a.txt
2025-12-28 23:36:48 [main] DEBUG c.a.frt.service.FileReplaceService - 记录操作: type=REPLACE, source=C:\Users\5454564546\Desktop\FRT\update\a.txt, target=C:\Users\5454564546\Desktop\FRT\THtest\a.txt
2025-12-28 23:36:48 [main] DEBUG c.a.frt.service.FileReplaceService - 文件替换成功: C:\Users\5454564546\Desktop\FRT\update\a.txt -> C:\Users\5454564546\Desktop\FRT\THtest\a.txt
2025-12-28 23:36:48 [main] DEBUG com.awei.frt.utils.FileUtils - 文件复制完成: C:\Users\5454564546\Desktop\FRT\update\new-test-file.txt -> C:\Users\5454564546\Desktop\FRT\THtest\new-test-file.txt
2025-12-28 23:36:48 [main] DEBUG c.a.frt.service.FileReplaceService - 记录操作: type=ADD, source=C:\Users\5454564546\Desktop\FRT\update\new-test-file.txt, target=C:\Users\5454564546\Desktop\FRT\THtest\new-test-file.txt
2025-12-28 23:36:48 [main] DEBUG c.a.frt.service.FileReplaceService - 文件新增成功: C:\Users\5454564546\Desktop\FRT\update\new-test-file.txt -> C:\Users\5454564546\Desktop\FRT\THtest\new-test-file.txt
2025-12-28 23:36:48 [main] DEBUG c.a.frt.service.FileReplaceService - 跳过配置文件: C:\Users\5454564546\Desktop\FRT\update\replace.json
2025-12-28 23:36:48 [main] INFO  c.a.frt.service.FileReplaceService - 替换操作完成，共处理 2 个文件，跳过 1 个文件
2025-12-28 23:39:24 [main] INFO  com.awei.frt.service.RestoreService - 恢复操作完成
